<?xml version="1.0" encoding="UTF-8"?>
<!-- Generated by org.testng.reporters.JUnitXMLReporter -->
<testsuite hostname="DESKTOP-L7E7E43" ignored="6" name="Test" tests="22" failures="2" timestamp="15 Jul 2019 13:14:28 GMT" time="560.768" errors="0">
  <testcase name="userExplicitLogin" time="9.883" classname="mangoMain.SanitySuite.TestRun"/>
  <testcase name="defaultGroups" time="3.744" classname="mangoMain.SanitySuite.TestRun"/>
  <testcase name="allUsersAddedToEveryOneGroup" time="7.12" classname="mangoMain.SanitySuite.TestRun"/>
  <testcase name="projectCreation" time="21.137" classname="mangoMain.SanitySuite.TestRun"/>
  <testcase name="documentConversion" time="26.691" classname="mangoMain.SanitySuite.TestRun"/>
  <testcase name="fileUploadNewVersion" time="20.606" classname="mangoMain.SanitySuite.TestRun"/>
  <testcase name="defaultLandingPageSetting" time="10.086" classname="mangoMain.SanitySuite.TestRun"/>
  <testcase name="createPostFromCompose" time="25.861" classname="mangoMain.SanitySuite.TestRun"/>
  <testcase name="createWikiFromCompose" time="26.788" classname="mangoMain.SanitySuite.TestRun"/>
  <testcase name="createStaticPage" time="33.061" classname="mangoMain.SanitySuite.TestRun"/>
  <testcase name="createDynamicPage" time="32.164" classname="mangoMain.SanitySuite.TestRun"/>
  <testcase name="createRecurrenceTask" time="24.748" classname="mangoMain.SanitySuite.TestRun"/>
  <testcase name="videoUploadNConversion" time="48.59" classname="mangoMain.SanitySuite.TestRun"/>
  <testcase name="incomingEmailwithTeamID" time="36.526" classname="mangoMain.SanitySuite.TestRun">
    <failure type="java.lang.AssertionError" message="expected [true] but found [false]">
      <![CDATA[java.lang.AssertionError: expected [true] but found [false]
at mangoMain.SanitySuite.TestRun.incomingEmailwithTeamID(TestRun.java:116)
... Removed 31 stack frames]]>
    </failure>
  </testcase> <!-- incomingEmailwithTeamID -->
  <testcase name="incomingEmailReplyViaShare" time="7.055" classname="mangoMain.SanitySuite.TestRun">
    <failure type="java.lang.AssertionError" message="expected [true] but found [false]">
      <![CDATA[java.lang.AssertionError: expected [true] but found [false]
at mangoMain.SanitySuite.TestRun.incomingEmailReplyViaShare(TestRun.java:120)
... Removed 31 stack frames]]>
    </failure>
  </testcase> <!-- incomingEmailReplyViaShare -->
  <testcase name="OutgoingEmailViaShare" time="17.221" classname="mangoMain.SanitySuite.TestRun"/>
  <testcase name="incomingEmailAsPrivateMessage" time="17.978" classname="mangoMain.SanitySuite.TestRun"/>
  <testcase name="makeAFolderPublic" time="43.146" classname="mangoMain.SanitySuite.TestRun"/>
  <testcase name="verifyUsersInEveryone" time="7.434" classname="mangoMain.SanitySuite.TestRun"/>
  <testcase name="fileDeepSearch" time="9.93" classname="mangoMain.SanitySuite.TestRun"/>
  <testcase name="ViewCounter" time="59.676" classname="mangoMain.SanitySuite.TestRun"/>
  <testcase name="wikiTableOfContents" time="56.398" classname="mangoMain.SanitySuite.TestRun"/>
  <testcase name="userSingUp" time="0.0" classname="mangoMain.SanitySuite.TestRun">
    <ignored/>
  </testcase> <!-- userSingUp -->
  <testcase name="askQuestion" time="0.0" classname="mangoMain.SanitySuite.TestRun">
    <ignored/>
  </testcase> <!-- askQuestion -->
  <testcase name="changeDP" time="0.0" classname="mangoMain.SanitySuite.TestRun">
    <ignored/>
  </testcase> <!-- changeDP -->
  <testcase name="timeZoneSetup" time="0.0" classname="mangoMain.SanitySuite.TestRun">
    <ignored/>
  </testcase> <!-- timeZoneSetup -->
  <testcase name="domainSignUp" time="0.0" classname="mangoMain.SanitySuite.TestRun">
    <ignored/>
  </testcase> <!-- domainSignUp -->
  <testcase name="logOutFromApplication" time="0.0" classname="mangoMain.SanitySuite.TestRun">
    <ignored/>
  </testcase> <!-- logOutFromApplication -->
</testsuite> <!-- Test -->
