<?xml version="1.0" encoding="UTF-8"?>
<!-- Generated by org.testng.reporters.JUnitXMLReporter -->
<testsuite hostname="DESKTOP-L7E7E43" ignored="4" name="Command line test" tests="32" failures="30" timestamp="08 Jul 2019 07:25:06 GMT" time="51.22" errors="0">
  <testcase name="userExplicitLogin" time="0.196" classname="mangoMain.SanitySuite.TestRun">
    <failure type="java.lang.AssertionError" message="expected [true] but found [false]">
      <![CDATA[java.lang.AssertionError: expected [true] but found [false]
at mangoMain.SanitySuite.TestRun.userExplicitLogin(TestRun.java:38)
... Removed 41 stack frames]]>
    </failure>
  </testcase> <!-- userExplicitLogin -->
  <testcase name="defaultGroups" time="2.663" classname="mangoMain.SanitySuite.TestRun">
    <failure type="java.lang.AssertionError" message="expected [true] but found [false]">
      <![CDATA[java.lang.AssertionError: expected [true] but found [false]
at mangoMain.SanitySuite.TestRun.defaultGroups(TestRun.java:42)
... Removed 41 stack frames]]>
    </failure>
  </testcase> <!-- defaultGroups -->
  <testcase name="allUsersAddedToEveryOneGroup" time="0.486" classname="mangoMain.SanitySuite.TestRun">
    <failure type="java.lang.AssertionError" message="expected [true] but found [false]">
      <![CDATA[java.lang.AssertionError: expected [true] but found [false]
at mangoMain.SanitySuite.TestRun.allUsersAddedToEveryOneGroup(TestRun.java:46)
... Removed 41 stack frames]]>
    </failure>
  </testcase> <!-- allUsersAddedToEveryOneGroup -->
  <testcase name="projectCreation" time="2.696" classname="mangoMain.SanitySuite.TestRun">
    <failure type="java.lang.AssertionError" message="expected [true] but found [false]">
      <![CDATA[java.lang.AssertionError: expected [true] but found [false]
at mangoMain.SanitySuite.TestRun.projectCreation(TestRun.java:53)
... Removed 41 stack frames]]>
    </failure>
  </testcase> <!-- projectCreation -->
  <testcase name="documentConversion" time="0.494" classname="mangoMain.SanitySuite.TestRun">
    <failure type="java.lang.NullPointerException">
      <![CDATA[java.lang.NullPointerException
at utilities.FunctionLibrary.documentConversionCheck(FunctionLibrary.java:1163)
at mangoMain.SanitySuite.TestRun.documentConversion(TestRun.java:57)
... Removed 35 stack frames]]>
    </failure>
  </testcase> <!-- documentConversion -->
  <testcase name="changeDP" time="0.019" classname="mangoMain.SanitySuite.TestRun">
    <failure type="java.lang.AssertionError" message="expected [true] but found [false]">
      <![CDATA[java.lang.AssertionError: expected [true] but found [false]
at mangoMain.SanitySuite.TestRun.changeDP(TestRun.java:71)
... Removed 41 stack frames]]>
    </failure>
  </testcase> <!-- changeDP -->
  <testcase name="fileUploadNewVersion" time="0.002" classname="mangoMain.SanitySuite.TestRun">
    <failure type="java.lang.AssertionError" message="expected [true] but found [false]">
      <![CDATA[java.lang.AssertionError: expected [true] but found [false]
at mangoMain.SanitySuite.TestRun.fileUploadNewVersion(TestRun.java:61)
... Removed 41 stack frames]]>
    </failure>
  </testcase> <!-- fileUploadNewVersion -->
  <testcase name="deActivateRecognition" time="0.698" classname="mangoMain.SanitySuite.TestRun">
    <failure type="java.lang.AssertionError" message="expected [true] but found [false]">
      <![CDATA[java.lang.AssertionError: expected [true] but found [false]
at mangoMain.SanitySuite.TestRun.deActivateRecognition(TestRun.java:79)
... Removed 41 stack frames]]>
    </failure>
  </testcase> <!-- deActivateRecognition -->
  <testcase name="defaultLandingPageSetting" time="3.473" classname="mangoMain.SanitySuite.TestRun">
    <failure type="java.lang.AssertionError" message="expected [true] but found [false]">
      <![CDATA[java.lang.AssertionError: expected [true] but found [false]
at mangoMain.SanitySuite.TestRun.defaultLandingPageSetting(TestRun.java:75)
... Removed 41 stack frames]]>
    </failure>
  </testcase> <!-- defaultLandingPageSetting -->
  <testcase name="timeZoneSetup" time="0.615" classname="mangoMain.SanitySuite.TestRun">
    <failure type="java.lang.AssertionError" message="expected [true] but found [false]">
      <![CDATA[java.lang.AssertionError: expected [true] but found [false]
at mangoMain.SanitySuite.TestRun.timeZoneSetup(TestRun.java:66)
... Removed 41 stack frames]]>
    </failure>
  </testcase> <!-- timeZoneSetup -->
  <testcase name="disableUserModule" time="0.479" classname="mangoMain.SanitySuite.TestRun">
    <failure type="java.lang.AssertionError" message="expected [true] but found [false]">
      <![CDATA[java.lang.AssertionError: expected [true] but found [false]
at mangoMain.SanitySuite.TestRun.disableUserModule(TestRun.java:83)
... Removed 41 stack frames]]>
    </failure>
  </testcase> <!-- disableUserModule -->
  <testcase name="activateRecognition" time="0.486" classname="mangoMain.SanitySuite.TestRun">
    <failure type="java.lang.AssertionError" message="expected [true] but found [false]">
      <![CDATA[java.lang.AssertionError: expected [true] but found [false]
at mangoMain.SanitySuite.TestRun.activateRecognition(TestRun.java:87)
... Removed 41 stack frames]]>
    </failure>
  </testcase> <!-- activateRecognition -->
  <testcase name="enableUserModule" time="0.627" classname="mangoMain.SanitySuite.TestRun">
    <failure type="java.lang.AssertionError" message="expected [true] but found [false]">
      <![CDATA[java.lang.AssertionError: expected [true] but found [false]
at mangoMain.SanitySuite.TestRun.enableUserModule(TestRun.java:91)
... Removed 41 stack frames]]>
    </failure>
  </testcase> <!-- enableUserModule -->
  <testcase name="projectDeletion" time="0.462" classname="mangoMain.SanitySuite.TestRun">
    <failure type="java.lang.AssertionError" message="expected [true] but found [false]">
      <![CDATA[java.lang.AssertionError: expected [true] but found [false]
at mangoMain.SanitySuite.TestRun.projectDeletion(TestRun.java:100)
... Removed 41 stack frames]]>
    </failure>
  </testcase> <!-- projectDeletion -->
  <testcase name="renameProject" time="0.514" classname="mangoMain.SanitySuite.TestRun">
    <failure type="java.lang.AssertionError" message="expected [true] but found [false]">
      <![CDATA[java.lang.AssertionError: expected [true] but found [false]
at mangoMain.SanitySuite.TestRun.renameProject(TestRun.java:104)
... Removed 41 stack frames]]>
    </failure>
  </testcase> <!-- renameProject -->
  <testcase name="createPostFromCompose" time="4.041" classname="mangoMain.SanitySuite.TestRun">
    <failure type="java.lang.AssertionError" message="expected [true] but found [false]">
      <![CDATA[java.lang.AssertionError: expected [true] but found [false]
at mangoMain.SanitySuite.TestRun.createPostFromCompose(TestRun.java:109)
... Removed 41 stack frames]]>
    </failure>
  </testcase> <!-- createPostFromCompose -->
  <testcase name="askQuestion" time="4.104" classname="mangoMain.SanitySuite.TestRun">
    <failure type="java.lang.AssertionError" message="expected [true] but found [false]">
      <![CDATA[java.lang.AssertionError: expected [true] but found [false]
at mangoMain.SanitySuite.TestRun.askQuestion(TestRun.java:114)
... Removed 41 stack frames]]>
    </failure>
  </testcase> <!-- askQuestion -->
  <testcase name="createWikiFromCompose" time="4.172" classname="mangoMain.SanitySuite.TestRun">
    <failure type="java.lang.AssertionError" message="expected [true] but found [false]">
      <![CDATA[java.lang.AssertionError: expected [true] but found [false]
at mangoMain.SanitySuite.TestRun.createWikiFromCompose(TestRun.java:119)
... Removed 41 stack frames]]>
    </failure>
  </testcase> <!-- createWikiFromCompose -->
  <testcase name="createStaticPage" time="0.461" classname="mangoMain.SanitySuite.TestRun">
    <failure type="java.lang.AssertionError" message="expected [true] but found [false]">
      <![CDATA[java.lang.AssertionError: expected [true] but found [false]
at mangoMain.SanitySuite.TestRun.createStaticPage(TestRun.java:124)
... Removed 41 stack frames]]>
    </failure>
  </testcase> <!-- createStaticPage -->
  <testcase name="createDynamicPage" time="0.474" classname="mangoMain.SanitySuite.TestRun">
    <failure type="java.lang.AssertionError" message="expected [true] but found [false]">
      <![CDATA[java.lang.AssertionError: expected [true] but found [false]
at mangoMain.SanitySuite.TestRun.createDynamicPage(TestRun.java:129)
... Removed 41 stack frames]]>
    </failure>
  </testcase> <!-- createDynamicPage -->
  <testcase name="createRecurrenceTask" time="0.477" classname="mangoMain.SanitySuite.TestRun">
    <failure type="java.lang.NullPointerException">
      <![CDATA[java.lang.NullPointerException
at utilities.FunctionLibrary.createReccurenceTaskCheck(FunctionLibrary.java:943)
at mangoMain.SanitySuite.TestRun.createRecurrenceTask(TestRun.java:134)
... Removed 35 stack frames]]>
    </failure>
  </testcase> <!-- createRecurrenceTask -->
  <testcase name="videoUploadNConversion" time="0.617" classname="mangoMain.SanitySuite.TestRun">
    <failure type="java.lang.AssertionError" message="expected [true] but found [false]">
      <![CDATA[java.lang.AssertionError: expected [true] but found [false]
at mangoMain.SanitySuite.TestRun.videoUploadNConversion(TestRun.java:139)
... Removed 41 stack frames]]>
    </failure>
  </testcase> <!-- videoUploadNConversion -->
  <testcase name="incomingEmailwithTeamID" time="0.42" classname="mangoMain.SanitySuite.TestRun">
    <failure type="java.lang.AssertionError" message="expected [true] but found [false]">
      <![CDATA[java.lang.AssertionError: expected [true] but found [false]
at mangoMain.SanitySuite.TestRun.incomingEmailwithTeamID(TestRun.java:145)
... Removed 41 stack frames]]>
    </failure>
  </testcase> <!-- incomingEmailwithTeamID -->
  <testcase name="OutgoingEmailViaShare" time="10.815" classname="mangoMain.SanitySuite.TestRun"/>
  <testcase name="incomingEmailReplyViaShare" time="0.003" classname="mangoMain.SanitySuite.TestRun">
    <failure type="java.lang.AssertionError" message="expected [true] but found [false]">
      <![CDATA[java.lang.AssertionError: expected [true] but found [false]
at mangoMain.SanitySuite.TestRun.incomingEmailReplyViaShare(TestRun.java:149)
... Removed 41 stack frames]]>
    </failure>
  </testcase> <!-- incomingEmailReplyViaShare -->
  <testcase name="incomingEmailAsPrivateMessage" time="4.129" classname="mangoMain.SanitySuite.TestRun">
    <failure type="java.lang.AssertionError" message="expected [true] but found [false]">
      <![CDATA[java.lang.AssertionError: expected [true] but found [false]
at mangoMain.SanitySuite.TestRun.incomingEmailAsPrivateMessage(TestRun.java:159)
... Removed 41 stack frames]]>
    </failure>
  </testcase> <!-- incomingEmailAsPrivateMessage -->
  <testcase name="ViewCounter" time="0.001" classname="mangoMain.SanitySuite.TestRun">
    <failure type="java.lang.AssertionError" message="expected [true] but found [false]">
      <![CDATA[java.lang.AssertionError: expected [true] but found [false]
at mangoMain.SanitySuite.TestRun.ViewCounter(TestRun.java:163)
... Removed 41 stack frames]]>
    </failure>
  </testcase> <!-- ViewCounter -->
  <testcase name="fileDeepSearch" time="0.794" classname="mangoMain.SanitySuite.TestRun">
    <failure type="java.lang.AssertionError" message="expected [true] but found [false]">
      <![CDATA[java.lang.AssertionError: expected [true] but found [false]
at mangoMain.SanitySuite.TestRun.fileDeepSearch(TestRun.java:172)
... Removed 41 stack frames]]>
    </failure>
  </testcase> <!-- fileDeepSearch -->
  <testcase name="verifyUsersInEveryone" time="0.717" classname="mangoMain.SanitySuite.TestRun">
    <failure type="java.lang.AssertionError" message="expected [true] but found [false]">
      <![CDATA[java.lang.AssertionError: expected [true] but found [false]
at mangoMain.SanitySuite.TestRun.verifyUsersInEveryone(TestRun.java:167)
... Removed 41 stack frames]]>
    </failure>
  </testcase> <!-- verifyUsersInEveryone -->
  <testcase name="makeAFolderPublic" time="0.462" classname="mangoMain.SanitySuite.TestRun">
    <failure type="java.lang.AssertionError" message="expected [true] but found [false]">
      <![CDATA[java.lang.AssertionError: expected [true] but found [false]
at mangoMain.SanitySuite.TestRun.makeAFolderPublic(TestRun.java:177)
... Removed 41 stack frames]]>
    </failure>
  </testcase> <!-- makeAFolderPublic -->
  <testcase name="wikiTableOfContents" time="0.0" classname="mangoMain.SanitySuite.TestRun">
    <failure type="java.lang.AssertionError" message="expected [true] but found [false]">
      <![CDATA[java.lang.AssertionError: expected [true] but found [false]
at mangoMain.SanitySuite.TestRun.wikiTableOfContents(TestRun.java:182)
... Removed 41 stack frames]]>
    </failure>
  </testcase> <!-- wikiTableOfContents -->
  <testcase name="navigationModuleOrderChange" time="0.476" classname="mangoMain.SanitySuite.TestRun"/>
  <testcase name="userSingUp" time="0.0" classname="mangoMain.SanitySuite.TestRun">
    <ignored/>
  </testcase> <!-- userSingUp -->
  <testcase name="userSearch" time="0.0" classname="mangoMain.SanitySuite.TestRun">
    <ignored/>
  </testcase> <!-- userSearch -->
  <testcase name="domainSignUp" time="0.0" classname="mangoMain.SanitySuite.TestRun">
    <ignored/>
  </testcase> <!-- domainSignUp -->
  <testcase name="logOutFromApplication" time="0.0" classname="mangoMain.SanitySuite.TestRun">
    <ignored/>
  </testcase> <!-- logOutFromApplication -->
</testsuite> <!-- Command line test -->
