<?xml version="1.0" encoding="UTF-8"?>
<!-- Generated by org.testng.reporters.JUnitXMLReporter -->
<testsuite hostname="DESKTOP-L7E7E43" ignored="15" name="Test" tests="2" failures="1" timestamp="13 Jun 2019 06:50:12 GMT" time="32.955" errors="0">
  <testcase name="login" time="6.296" classname="mangoMain.SanitySuite.TestRun"/>
  <testcase name="askQuestion" time="11.867" classname="mangoMain.SanitySuite.TestRun">
    <failure type="java.lang.AssertionError" message="expected [true] but found [false]">
      <![CDATA[java.lang.AssertionError: expected [true] but found [false]
at mangoMain.SanitySuite.TestRun.askQuestion(TestRun.java:54)
at org.apache.maven.plugin.surefire.InPluginVMSurefireStarter.runSuitesInProcess(InPluginVMSurefireStarter.java:87)
at org.apache.maven.plugin.surefire.AbstractSurefireMojo.executeProvider(AbstractSurefireMojo.java:1144)
at org.apache.maven.plugin.surefire.AbstractSurefireMojo.executeAfterPreconditionsChecked(AbstractSurefireMojo.java:1002)
at org.apache.maven.plugin.surefire.AbstractSurefireMojo.execute(AbstractSurefireMojo.java:848)
at org.apache.maven.plugin.DefaultBuildPluginManager.executeMojo(DefaultBuildPluginManager.java:137)
at org.apache.maven.lifecycle.internal.MojoExecutor.execute(MojoExecutor.java:208)
at org.apache.maven.lifecycle.internal.MojoExecutor.execute(MojoExecutor.java:154)
at org.apache.maven.lifecycle.internal.MojoExecutor.execute(MojoExecutor.java:146)
at org.apache.maven.lifecycle.internal.LifecycleModuleBuilder.buildProject(LifecycleModuleBuilder.java:117)
at org.apache.maven.lifecycle.internal.LifecycleModuleBuilder.buildProject(LifecycleModuleBuilder.java:81)
at org.apache.maven.lifecycle.internal.builder.singlethreaded.SingleThreadedBuilder.build(SingleThreadedBuilder.java:56)
at org.apache.maven.lifecycle.internal.LifecycleStarter.execute(LifecycleStarter.java:128)
at org.apache.maven.DefaultMaven.doExecute(DefaultMaven.java:305)
at org.apache.maven.DefaultMaven.doExecute(DefaultMaven.java:192)
at org.apache.maven.DefaultMaven.execute(DefaultMaven.java:105)
at org.apache.maven.cli.MavenCli.execute(MavenCli.java:956)
at org.apache.maven.cli.MavenCli.doMain(MavenCli.java:290)
at org.apache.maven.cli.MavenCli.main(MavenCli.java:194)
at org.codehaus.plexus.classworlds.launcher.Launcher.launchEnhanced(Launcher.java:289)
at org.codehaus.plexus.classworlds.launcher.Launcher.launch(Launcher.java:229)
at org.codehaus.plexus.classworlds.launcher.Launcher.mainWithExitCode(Launcher.java:415)
at org.codehaus.plexus.classworlds.launcher.Launcher.main(Launcher.java:356)
... Removed 42 stack frames]]>
    </failure>
  </testcase> <!-- askQuestion -->
  <testcase name="disableUserModule" time="0.0" classname="mangoMain.SanitySuite.TestRun">
    <ignored/>
  </testcase> <!-- disableUserModule -->
  <testcase name="activateRecognition" time="0.0" classname="mangoMain.SanitySuite.TestRun">
    <ignored/>
  </testcase> <!-- activateRecognition -->
  <testcase name="renameProject" time="0.0" classname="mangoMain.SanitySuite.TestRun">
    <ignored/>
  </testcase> <!-- renameProject -->
  <testcase name="projectDeletion" time="0.0" classname="mangoMain.SanitySuite.TestRun">
    <ignored/>
  </testcase> <!-- projectDeletion -->
  <testcase name="deActivateRecognition" time="0.0" classname="mangoMain.SanitySuite.TestRun">
    <ignored/>
  </testcase> <!-- deActivateRecognition -->
  <testcase name="changeDP" time="0.0" classname="mangoMain.SanitySuite.TestRun">
    <ignored/>
  </testcase> <!-- changeDP -->
  <testcase name="EveryoneAdded" time="0.0" classname="mangoMain.SanitySuite.TestRun">
    <ignored/>
  </testcase> <!-- EveryoneAdded -->
  <testcase name="enableUserModule" time="0.0" classname="mangoMain.SanitySuite.TestRun">
    <ignored/>
  </testcase> <!-- enableUserModule -->
  <testcase name="userSearch" time="0.0" classname="mangoMain.SanitySuite.TestRun">
    <ignored/>
  </testcase> <!-- userSearch -->
  <testcase name="domainSignUp" time="0.0" classname="mangoMain.SanitySuite.TestRun">
    <ignored/>
  </testcase> <!-- domainSignUp -->
  <testcase name="logOutFromApplication" time="0.0" classname="mangoMain.SanitySuite.TestRun">
    <ignored/>
  </testcase> <!-- logOutFromApplication -->
  <testcase name="projectCreation" time="0.0" classname="mangoMain.SanitySuite.TestRun">
    <ignored/>
  </testcase> <!-- projectCreation -->
  <testcase name="landingPage" time="0.0" classname="mangoMain.SanitySuite.TestRun">
    <ignored/>
  </testcase> <!-- landingPage -->
  <testcase name="domainLogin" time="0.0" classname="mangoMain.SanitySuite.TestRun">
    <ignored/>
  </testcase> <!-- domainLogin -->
  <testcase name="defaultGroups" time="0.0" classname="mangoMain.SanitySuite.TestRun">
    <ignored/>
  </testcase> <!-- defaultGroups -->
</testsuite> <!-- Test -->
