<?xml version="1.0" encoding="UTF-8" ?>
<testsuite tests="32" failures="30" name="TestSuite" time="46.021" errors="0" skipped="0">
  <properties>
[...]
</properties>
  <testcase classname="mangoMain.SanitySuite.TestRun" name="userExplicitLogin" time="0.126">
    <failure message="expected [true] but found [false]" type="java.lang.AssertionError">java.lang.AssertionError: expected [true] but found [false]
	at org.testng.Assert.fail(Assert.java:96)
	at org.testng.Assert.failNotEquals(Assert.java:776)
	at org.testng.Assert.assertEqualsImpl(Assert.java:137)
	at org.testng.Assert.assertEquals(Assert.java:118)
	at org.testng.Assert.assertEquals(Assert.java:568)
	at org.testng.Assert.assertEquals(Assert.java:578)
	at mangoMain.SanitySuite.TestRun.userExplicitLogin(TestRun.java:38)
</failure>
    <system-out>Configuring TestNG with: org.apache.maven.surefire.testng.conf.TestNG652Configurator@12bb4df8
*** Test Suite Command line test started ***
*** Running test method userExplicitLogin...
Directory already exists: D:\MangoApps Automation\SanitySuiteV2\TestReport
Unable to locate element with ID: &apos;yui-gen0&apos;
For documentation on this error, please visit: https://www.seleniumhq.org/exceptions/no_such_element.html
Build info: version: &apos;3.141.59&apos;, revision: &apos;e82be7d358&apos;, time: &apos;2018-11-14T08:17:03&apos;
System info: host: &apos;DESKTOP-L7E7E43&apos;, ip: &apos;192.168.105.142&apos;, os.name: &apos;Windows 10&apos;, os.arch: &apos;amd64&apos;, os.version: &apos;10.0&apos;, java.version: &apos;1.8.0_211&apos;
Driver info: driver.version: HtmlUnitDriver
*** Test execution userExplicitLogin failed...
</system-out>
    <system-err>Jul 08, 2019 12:54:12 PM com.gargoylesoftware.htmlunit.html.HtmlLink onAllChildrenAddedToPage
WARNING: Link type &apos;shortcut icon&apos; not supported.
Jul 08, 2019 12:54:13 PM com.gargoylesoftware.htmlunit.DefaultCssErrorHandler error
WARNING: CSS error: &apos;https://mediaee.engageexpress.com/ce/pulse/stylesheets/ms_navigation.css&apos; [4553:27] Error in expression. (Invalid token &quot; &quot;. Was expecting one of: &lt;NUMBER&gt;, &quot;inherit&quot;, &lt;IDENT&gt;, &lt;STRING&gt;, &lt;HASH&gt;, &lt;EMS&gt;, &lt;REM&gt;, &lt;EXS&gt;, &lt;LENGTH_PX&gt;, &lt;LENGTH_CM&gt;, &lt;LENGTH_MM&gt;, &lt;LENGTH_IN&gt;, &lt;LENGTH_PT&gt;, &lt;LENGTH_PC&gt;, &lt;ANGLE_DEG&gt;, &lt;ANGLE_RAD&gt;, &lt;ANGLE_GRAD&gt;, &lt;TIME_MS&gt;, &lt;TIME_S&gt;, &lt;FREQ_HZ&gt;, &lt;FREQ_KHZ&gt;, &lt;RESOLUTION_DPI&gt;, &lt;RESOLUTION_DPCM&gt;, &lt;PERCENTAGE&gt;, &lt;DIMENSION&gt;, &lt;UNICODE_RANGE&gt;, &lt;URI&gt;, &lt;FUNCTION&gt;, &quot;progid:&quot;.)
Jul 08, 2019 12:54:13 PM com.gargoylesoftware.htmlunit.DefaultCssErrorHandler error
WARNING: CSS error: &apos;https://mediaee.engageexpress.com/ce/pulse/stylesheets/ms_navigation.css&apos; [7769:21] Error in expression. (Invalid token &quot; &quot;. Was expecting one of: &lt;NUMBER&gt;, &quot;inherit&quot;, &lt;IDENT&gt;, &lt;STRING&gt;, &lt;HASH&gt;, &lt;EMS&gt;, &lt;REM&gt;, &lt;EXS&gt;, &lt;LENGTH_PX&gt;, &lt;LENGTH_CM&gt;, &lt;LENGTH_MM&gt;, &lt;LENGTH_IN&gt;, &lt;LENGTH_PT&gt;, &lt;LENGTH_PC&gt;, &lt;ANGLE_DEG&gt;, &lt;ANGLE_RAD&gt;, &lt;ANGLE_GRAD&gt;, &lt;TIME_MS&gt;, &lt;TIME_S&gt;, &lt;FREQ_HZ&gt;, &lt;FREQ_KHZ&gt;, &lt;RESOLUTION_DPI&gt;, &lt;RESOLUTION_DPCM&gt;, &lt;PERCENTAGE&gt;, &lt;DIMENSION&gt;, &lt;UNICODE_RANGE&gt;, &lt;URI&gt;, &lt;FUNCTION&gt;, &quot;progid:&quot;.)
Jul 08, 2019 12:54:13 PM com.gargoylesoftware.htmlunit.DefaultCssErrorHandler error
WARNING: CSS error: &apos;https://mediaee.engageexpress.com/ce/pulse/stylesheets/ms_navigation.css&apos; [7888:3] Error in declaration. &apos;*&apos; is not allowed as first char of a property.
Jul 08, 2019 12:54:13 PM com.gargoylesoftware.htmlunit.DefaultCssErrorHandler error
WARNING: CSS error: &apos;https://mediaee.engageexpress.com/ce/pulse/stylesheets/ms_navigation.css&apos; [10152:15] Error in style rule. (Invalid token &quot;.5&quot;. Was expecting one of: &lt;S&gt;, &lt;LBRACE&gt;, &quot;.&quot;, &quot;:&quot;, &quot;[&quot;, &lt;COMMA&gt;, &lt;HASH&gt;, &lt;S&gt;.)
Jul 08, 2019 12:54:13 PM com.gargoylesoftware.htmlunit.DefaultCssErrorHandler warning
WARNING: CSS warning: &apos;https://mediaee.engageexpress.com/ce/pulse/stylesheets/ms_navigation.css&apos; [10152:15] Ignoring the following declarations in this rule.
Jul 08, 2019 12:54:13 PM com.gargoylesoftware.htmlunit.DefaultCssErrorHandler error
WARNING: CSS error: &apos;https://mediaee.engageexpress.com/ce/pulse/stylesheets/ms_navigation.css&apos; [10156:15] Error in style rule. (Invalid token &quot;.5-imp&quot;. Was expecting one of: &lt;S&gt;, &lt;LBRACE&gt;, &quot;.&quot;, &quot;:&quot;, &quot;[&quot;, &lt;COMMA&gt;, &lt;HASH&gt;, &lt;S&gt;.)
Jul 08, 2019 12:54:13 PM com.gargoylesoftware.htmlunit.DefaultCssErrorHandler warning
WARNING: CSS warning: &apos;https://mediaee.engageexpress.com/ce/pulse/stylesheets/ms_navigation.css&apos; [10156:15] Ignoring the following declarations in this rule.
Jul 08, 2019 12:54:13 PM com.gargoylesoftware.htmlunit.DefaultCssErrorHandler error
WARNING: CSS error: &apos;https://mediaee.engageexpress.com/ce/pulse/stylesheets/ms_navigation.css&apos; [10679:17] Invalid color &quot;#00000085&quot;.
Jul 08, 2019 12:54:13 PM com.gargoylesoftware.htmlunit.DefaultCssErrorHandler error
WARNING: CSS error: &apos;https://d1cergvr8ivu54.cloudfront.net/ce/pulse/stylesheets/archive/mangomkt1_40802487-min.css&apos; [1:9686] Error in declaration. &apos;*&apos; is not allowed as first char of a property.
Jul 08, 2019 12:54:13 PM com.gargoylesoftware.htmlunit.DefaultCssErrorHandler error
WARNING: CSS error: &apos;https://d1cergvr8ivu54.cloudfront.net/ce/pulse/stylesheets/archive/mangomkt1_40802487-min.css&apos; [1:10234] Error in declaration. &apos;*&apos; is not allowed as first char of a property.
Jul 08, 2019 12:54:13 PM com.gargoylesoftware.htmlunit.DefaultCssErrorHandler error
WARNING: CSS error: &apos;https://d1cergvr8ivu54.cloudfront.net/ce/pulse/stylesheets/archive/mangomkt1_40802487-min.css&apos; [1:10388] Error in declaration. &apos;*&apos; is not allowed as first char of a property.
Jul 08, 2019 12:54:13 PM com.gargoylesoftware.htmlunit.DefaultCssErrorHandler error
WARNING: CSS error: &apos;https://d1cergvr8ivu54.cloudfront.net/ce/pulse/stylesheets/archive/mangomkt1_40802487-min.css&apos; [1:12125] Error in style rule. (Invalid token &quot;#margin-left&quot;. Was expecting one of: &lt;EOF&gt;, &lt;S&gt;, &lt;IDENT&gt;, &quot;}&quot;, &quot;;&quot;, &quot;*&quot;.)
Jul 08, 2019 12:54:13 PM com.gargoylesoftware.htmlunit.DefaultCssErrorHandler warning
WARNING: CSS warning: &apos;https://d1cergvr8ivu54.cloudfront.net/ce/pulse/stylesheets/archive/mangomkt1_40802487-min.css&apos; [1:12125] Ignoring the following declarations in this rule.
Jul 08, 2019 12:54:13 PM com.gargoylesoftware.htmlunit.DefaultCssErrorHandler error
WARNING: CSS error: &apos;https://d1cergvr8ivu54.cloudfront.net/ce/pulse/stylesheets/archive/mangomkt1_40802487-min.css&apos; [1:18127] Error in style rule. (Invalid token &quot;#height&quot;. Was expecting one of: &lt;EOF&gt;, &lt;S&gt;, &lt;IDENT&gt;, &quot;}&quot;, &quot;;&quot;, &quot;*&quot;.)
Jul 08, 2019 12:54:13 PM com.gargoylesoftware.htmlunit.DefaultCssErrorHandler warning
WARNING: CSS warning: &apos;https://d1cergvr8ivu54.cloudfront.net/ce/pulse/stylesheets/archive/mangomkt1_40802487-min.css&apos; [1:18127] Ignoring the following declarations in this rule.
Jul 08, 2019 12:54:13 PM com.gargoylesoftware.htmlunit.DefaultCssErrorHandler error
WARNING: CSS error: &apos;https://d1cergvr8ivu54.cloudfront.net/ce/pulse/stylesheets/archive/mangomkt1_40802487-min.css&apos; [1:18782] Error in declaration. &apos;*&apos; is not allowed as first char of a property.
Jul 08, 2019 12:54:13 PM com.gargoylesoftware.htmlunit.DefaultCssErrorHandler error
WARNING: CSS error: &apos;https://d1cergvr8ivu54.cloudfront.net/ce/pulse/stylesheets/archive/mangomkt1_40802487-min.css&apos; [1:24714] Error in declaration. &apos;*&apos; is not allowed as first char of a property.
Jul 08, 2019 12:54:13 PM com.gargoylesoftware.htmlunit.DefaultCssErrorHandler error
WARNING: CSS error: &apos;https://d1cergvr8ivu54.cloudfront.net/ce/pulse/stylesheets/archive/mangomkt1_40802487-min.css&apos; [1:28030] Error in style rule. (Invalid token &quot;:&quot;. Was expecting one of: &lt;EOF&gt;, &lt;S&gt;, &lt;NUMBER&gt;, &quot;inherit&quot;, &lt;IDENT&gt;, &lt;STRING&gt;, &quot;}&quot;, &quot;;&quot;, &quot;/&quot;, &quot;-&quot;, &lt;PLUS&gt;, &lt;COMMA&gt;, &lt;HASH&gt;, &lt;IMPORTANT_SYM&gt;, &lt;EMS&gt;, &lt;REM&gt;, &lt;EXS&gt;, &lt;LENGTH_PX&gt;, &lt;LENGTH_CM&gt;, &lt;LENGTH_MM&gt;, &lt;LENGTH_IN&gt;, &lt;LENGTH_PT&gt;, &lt;LENGTH_PC&gt;, &lt;ANGLE_DEG&gt;, &lt;ANGLE_RAD&gt;, &lt;ANGLE_GRAD&gt;, &lt;TIME_MS&gt;, &lt;TIME_S&gt;, &lt;FREQ_HZ&gt;, &lt;FREQ_KHZ&gt;, &lt;RESOLUTION_DPI&gt;, &lt;RESOLUTION_DPCM&gt;, &lt;PERCENTAGE&gt;, &lt;DIMENSION&gt;, &lt;UNICODE_RANGE&gt;, &lt;URI&gt;, &lt;FUNCTION&gt;, &lt;UNKNOWN&gt;, &quot;progid:&quot;.)
Jul 08, 2019 12:54:13 PM com.gargoylesoftware.htmlunit.DefaultCssErrorHandler warning
WARNING: CSS warning: &apos;https://d1cergvr8ivu54.cloudfront.net/ce/pulse/stylesheets/archive/mangomkt1_40802487-min.css&apos; [1:28030] Ignoring the following declarations in this rule.
Jul 08, 2019 12:54:13 PM com.gargoylesoftware.htmlunit.DefaultCssErrorHandler error
WARNING: CSS error: &apos;https://d1cergvr8ivu54.cloudfront.net/ce/pulse/stylesheets/archive/mangomkt1_40802487-min.css&apos; [1:29196] Error in declaration. &apos;*&apos; is not allowed as first char of a property.
Jul 08, 2019 12:54:13 PM com.gargoylesoftware.htmlunit.DefaultCssErrorHandler error
WARNING: CSS error: &apos;https://d1cergvr8ivu54.cloudfront.net/ce/pulse/stylesheets/archive/mangomkt1_40802487-min.css&apos; [1:29904] Error in declaration. &apos;*&apos; is not allowed as first char of a property.
Jul 08, 2019 12:54:13 PM com.gargoylesoftware.htmlunit.DefaultCssErrorHandler error
WARNING: CSS error: &apos;https://d1cergvr8ivu54.cloudfront.net/ce/pulse/stylesheets/archive/mangomkt1_40802487-min.css&apos; [1:32778] Error in declaration. &apos;*&apos; is not allowed as first char of a property.
Jul 08, 2019 12:54:13 PM com.gargoylesoftware.htmlunit.DefaultCssErrorHandler error
WARNING: CSS error: &apos;https://d1cergvr8ivu54.cloudfront.net/ce/pulse/stylesheets/archive/mangomkt1_40802487-min.css&apos; [1:47025] Error in declaration. &apos;*&apos; is not allowed as first char of a property.
Jul 08, 2019 12:54:13 PM com.gargoylesoftware.htmlunit.DefaultCssErrorHandler error
WARNING: CSS error: &apos;https://d1cergvr8ivu54.cloudfront.net/ce/pulse/stylesheets/archive/mangomkt1_40802487-min.css&apos; [1:56886] Error in expression. (Invalid token &quot;.&quot;. Was expecting one of: &lt;S&gt;, &lt;NUMBER&gt;, &quot;inherit&quot;, &lt;IDENT&gt;, &lt;STRING&gt;, &quot;-&quot;, &lt;PLUS&gt;, &lt;HASH&gt;, &lt;EMS&gt;, &lt;REM&gt;, &lt;EXS&gt;, &lt;LENGTH_PX&gt;, &lt;LENGTH_CM&gt;, &lt;LENGTH_MM&gt;, &lt;LENGTH_IN&gt;, &lt;LENGTH_PT&gt;, &lt;LENGTH_PC&gt;, &lt;ANGLE_DEG&gt;, &lt;ANGLE_RAD&gt;, &lt;ANGLE_GRAD&gt;, &lt;TIME_MS&gt;, &lt;TIME_S&gt;, &lt;FREQ_HZ&gt;, &lt;FREQ_KHZ&gt;, &lt;RESOLUTION_DPI&gt;, &lt;RESOLUTION_DPCM&gt;, &lt;PERCENTAGE&gt;, &lt;DIMENSION&gt;, &lt;UNICODE_RANGE&gt;, &lt;URI&gt;, &lt;FUNCTION&gt;, &quot;progid:&quot;.)
Jul 08, 2019 12:54:13 PM com.gargoylesoftware.htmlunit.DefaultCssErrorHandler error
WARNING: CSS error: &apos;https://d1cergvr8ivu54.cloudfront.net/ce/pulse/stylesheets/archive/mangomkt1_40802487-min.css&apos; [1:62184] Error in declaration. &apos;*&apos; is not allowed as first char of a property.
Jul 08, 2019 12:54:13 PM com.gargoylesoftware.htmlunit.DefaultCssErrorHandler error
WARNING: CSS error: &apos;https://d1cergvr8ivu54.cloudfront.net/ce/pulse/stylesheets/archive/mangomkt1_40802487-min.css&apos; [1:66223] Error in declaration. &apos;*&apos; is not allowed as first char of a property.
Jul 08, 2019 12:54:13 PM com.gargoylesoftware.htmlunit.DefaultCssErrorHandler error
WARNING: CSS error: &apos;https://d1cergvr8ivu54.cloudfront.net/ce/pulse/stylesheets/archive/mangomkt1_40802487-min.css&apos; [1:75831] Error in declaration. &apos;*&apos; is not allowed as first char of a property.
Jul 08, 2019 12:54:13 PM com.gargoylesoftware.htmlunit.DefaultCssErrorHandler error
WARNING: CSS error: &apos;https://d1cergvr8ivu54.cloudfront.net/ce/pulse/stylesheets/archive/mangomkt1_40802487-min.css&apos; [1:77058] Error in declaration. &apos;*&apos; is not allowed as first char of a property.
Jul 08, 2019 12:54:13 PM com.gargoylesoftware.htmlunit.DefaultCssErrorHandler error
WARNING: CSS error: &apos;https://d1cergvr8ivu54.cloudfront.net/ce/pulse/stylesheets/archive/mangomkt1_40802487-min.css&apos; [1:77478] Error in declaration. &apos;*&apos; is not allowed as first char of a property.
Jul 08, 2019 12:54:13 PM com.gargoylesoftware.htmlunit.DefaultCssErrorHandler error
WARNING: CSS error: &apos;https://d1cergvr8ivu54.cloudfront.net/ce/pulse/stylesheets/archive/mangomkt1_40802487-min.css&apos; [1:77498] Error in declaration. &apos;*&apos; is not allowed as first char of a property.
Jul 08, 2019 12:54:13 PM com.gargoylesoftware.htmlunit.DefaultCssErrorHandler error
WARNING: CSS error: &apos;https://d1cergvr8ivu54.cloudfront.net/ce/pulse/stylesheets/archive/mangomkt1_40802487-min.css&apos; [1:77583] Error in declaration. &apos;*&apos; is not allowed as first char of a property.
Jul 08, 2019 12:54:13 PM com.gargoylesoftware.htmlunit.DefaultCssErrorHandler error
WARNING: CSS error: &apos;https://d1cergvr8ivu54.cloudfront.net/ce/pulse/stylesheets/archive/mangomkt1_40802487-min.css&apos; [1:77660] Error in declaration. &apos;*&apos; is not allowed as first char of a property.
Jul 08, 2019 12:54:13 PM com.gargoylesoftware.htmlunit.DefaultCssErrorHandler error
WARNING: CSS error: &apos;https://d1cergvr8ivu54.cloudfront.net/ce/pulse/stylesheets/archive/mangomkt1_40802487-min.css&apos; [1:77898] Error in declaration. &apos;*&apos; is not allowed as first char of a property.
Jul 08, 2019 12:54:13 PM com.gargoylesoftware.htmlunit.DefaultCssErrorHandler error
WARNING: CSS error: &apos;https://d1cergvr8ivu54.cloudfront.net/ce/pulse/stylesheets/archive/mangomkt1_40802487-min.css&apos; [1:78802] Error in declaration. &apos;*&apos; is not allowed as first char of a property.
Jul 08, 2019 12:54:13 PM com.gargoylesoftware.htmlunit.DefaultCssErrorHandler error
WARNING: CSS error: &apos;https://d1cergvr8ivu54.cloudfront.net/ce/pulse/stylesheets/archive/mangomkt1_40802487-min.css&apos; [1:78871] Error in declaration. &apos;*&apos; is not allowed as first char of a property.
Jul 08, 2019 12:54:13 PM com.gargoylesoftware.htmlunit.DefaultCssErrorHandler error
WARNING: CSS error: &apos;https://d1cergvr8ivu54.cloudfront.net/ce/pulse/stylesheets/archive/mangomkt1_40802487-min.css&apos; [1:78959] Error in declaration. &apos;*&apos; is not allowed as first char of a property.
Jul 08, 2019 12:54:13 PM com.gargoylesoftware.htmlunit.DefaultCssErrorHandler error
WARNING: CSS error: &apos;https://d1cergvr8ivu54.cloudfront.net/ce/pulse/stylesheets/archive/mangomkt1_40802487-min.css&apos; [1:79432] Error in declaration. &apos;*&apos; is not allowed as first char of a property.
Jul 08, 2019 12:54:13 PM com.gargoylesoftware.htmlunit.DefaultCssErrorHandler error
WARNING: CSS error: &apos;https://d1cergvr8ivu54.cloudfront.net/ce/pulse/stylesheets/archive/mangomkt1_40802487-min.css&apos; [1:79464] Error in declaration. &apos;*&apos; is not allowed as first char of a property.
Jul 08, 2019 12:54:13 PM com.gargoylesoftware.htmlunit.DefaultCssErrorHandler error
WARNING: CSS error: &apos;https://d1cergvr8ivu54.cloudfront.net/ce/pulse/stylesheets/archive/mangomkt1_40802487-min.css&apos; [1:79520] Error in declaration. &apos;*&apos; is not allowed as first char of a property.
Jul 08, 2019 12:54:13 PM com.gargoylesoftware.htmlunit.DefaultCssErrorHandler error
WARNING: CSS error: &apos;https://d1cergvr8ivu54.cloudfront.net/ce/pulse/stylesheets/archive/mangomkt1_40802487-min.css&apos; [1:79539] Error in declaration. &apos;*&apos; is not allowed as first char of a property.
Jul 08, 2019 12:54:13 PM com.gargoylesoftware.htmlunit.DefaultCssErrorHandler error
WARNING: CSS error: &apos;https://d1cergvr8ivu54.cloudfront.net/ce/pulse/stylesheets/archive/mangomkt1_40802487-min.css&apos; [1:82710] Error in declaration. &apos;*&apos; is not allowed as first char of a property.
Jul 08, 2019 12:54:13 PM com.gargoylesoftware.htmlunit.DefaultCssErrorHandler error
WARNING: CSS error: &apos;https://d1cergvr8ivu54.cloudfront.net/ce/pulse/stylesheets/archive/mangomkt1_40802487-min.css&apos; [1:82779] Error in declaration. &apos;*&apos; is not allowed as first char of a property.
Jul 08, 2019 12:54:13 PM com.gargoylesoftware.htmlunit.DefaultCssErrorHandler error
WARNING: CSS error: &apos;https://d1cergvr8ivu54.cloudfront.net/ce/pulse/stylesheets/archive/mangomkt1_40802487-min.css&apos; [1:82867] Error in declaration. &apos;*&apos; is not allowed as first char of a property.
Jul 08, 2019 12:54:13 PM com.gargoylesoftware.htmlunit.DefaultCssErrorHandler error
WARNING: CSS error: &apos;https://d1cergvr8ivu54.cloudfront.net/ce/pulse/stylesheets/archive/mangomkt1_40802487-min.css&apos; [1:83340] Error in declaration. &apos;*&apos; is not allowed as first char of a property.
Jul 08, 2019 12:54:13 PM com.gargoylesoftware.htmlunit.DefaultCssErrorHandler error
WARNING: CSS error: &apos;https://d1cergvr8ivu54.cloudfront.net/ce/pulse/stylesheets/archive/mangomkt1_40802487-min.css&apos; [1:83372] Error in declaration. &apos;*&apos; is not allowed as first char of a property.
Jul 08, 2019 12:54:13 PM com.gargoylesoftware.htmlunit.DefaultCssErrorHandler error
WARNING: CSS error: &apos;https://d1cergvr8ivu54.cloudfront.net/ce/pulse/stylesheets/archive/mangomkt1_40802487-min.css&apos; [1:83428] Error in declaration. &apos;*&apos; is not allowed as first char of a property.
Jul 08, 2019 12:54:13 PM com.gargoylesoftware.htmlunit.DefaultCssErrorHandler error
WARNING: CSS error: &apos;https://d1cergvr8ivu54.cloudfront.net/ce/pulse/stylesheets/archive/mangomkt1_40802487-min.css&apos; [1:83447] Error in declaration. &apos;*&apos; is not allowed as first char of a property.
Jul 08, 2019 12:54:13 PM com.gargoylesoftware.htmlunit.DefaultCssErrorHandler error
WARNING: CSS error: &apos;https://d1cergvr8ivu54.cloudfront.net/ce/pulse/stylesheets/archive/mangomkt1_40802487-min.css&apos; [1:86737] Error in declaration. &apos;*&apos; is not allowed as first char of a property.
Jul 08, 2019 12:54:13 PM com.gargoylesoftware.htmlunit.DefaultCssErrorHandler error
WARNING: CSS error: &apos;https://d1cergvr8ivu54.cloudfront.net/ce/pulse/stylesheets/archive/mangomkt1_40802487-min.css&apos; [1:86759] Error in declaration. &apos;*&apos; is not allowed as first char of a property.
Jul 08, 2019 12:54:13 PM com.gargoylesoftware.htmlunit.DefaultCssErrorHandler error
WARNING: CSS error: &apos;https://d1cergvr8ivu54.cloudfront.net/ce/pulse/stylesheets/archive/mangomkt1_40802487-min.css&apos; [1:92007] Error in declaration. &apos;*&apos; is not allowed as first char of a property.
Jul 08, 2019 12:54:13 PM com.gargoylesoftware.htmlunit.DefaultCssErrorHandler error
WARNING: CSS error: &apos;https://d1cergvr8ivu54.cloudfront.net/ce/pulse/stylesheets/archive/mangomkt1_40802487-min.css&apos; [1:92039] Error in declaration. &apos;*&apos; is not allowed as first char of a property.
Jul 08, 2019 12:54:13 PM com.gargoylesoftware.htmlunit.DefaultCssErrorHandler error
WARNING: CSS error: &apos;https://d1cergvr8ivu54.cloudfront.net/ce/pulse/stylesheets/archive/mangomkt1_40802487-min.css&apos; [1:93093] Error in declaration. &apos;*&apos; is not allowed as first char of a property.
Jul 08, 2019 12:54:13 PM com.gargoylesoftware.htmlunit.DefaultCssErrorHandler error
WARNING: CSS error: &apos;https://d1cergvr8ivu54.cloudfront.net/ce/pulse/stylesheets/archive/mangomkt1_40802487-min.css&apos; [1:94262] Error in declaration. &apos;*&apos; is not allowed as first char of a property.
Jul 08, 2019 12:54:13 PM com.gargoylesoftware.htmlunit.DefaultCssErrorHandler error
WARNING: CSS error: &apos;https://d1cergvr8ivu54.cloudfront.net/ce/pulse/stylesheets/archive/mangomkt1_40802487-min.css&apos; [1:94682] Error in declaration. &apos;*&apos; is not allowed as first char of a property.
Jul 08, 2019 12:54:13 PM com.gargoylesoftware.htmlunit.DefaultCssErrorHandler error
WARNING: CSS error: &apos;https://d1cergvr8ivu54.cloudfront.net/ce/pulse/stylesheets/archive/mangomkt1_40802487-min.css&apos; [1:94702] Error in declaration. &apos;*&apos; is not allowed as first char of a property.
Jul 08, 2019 12:54:13 PM com.gargoylesoftware.htmlunit.DefaultCssErrorHandler error
WARNING: CSS error: &apos;https://d1cergvr8ivu54.cloudfront.net/ce/pulse/stylesheets/archive/mangomkt1_40802487-min.css&apos; [1:94787] Error in declaration. &apos;*&apos; is not allowed as first char of a property.
Jul 08, 2019 12:54:13 PM com.gargoylesoftware.htmlunit.DefaultCssErrorHandler error
WARNING: CSS error: &apos;https://d1cergvr8ivu54.cloudfront.net/ce/pulse/stylesheets/archive/mangomkt1_40802487-min.css&apos; [1:94864] Error in declaration. &apos;*&apos; is not allowed as first char of a property.
Jul 08, 2019 12:54:13 PM com.gargoylesoftware.htmlunit.DefaultCssErrorHandler error
WARNING: CSS error: &apos;https://d1cergvr8ivu54.cloudfront.net/ce/pulse/stylesheets/archive/mangomkt1_40802487-min.css&apos; [1:95102] Error in declaration. &apos;*&apos; is not allowed as first char of a property.
Jul 08, 2019 12:54:13 PM com.gargoylesoftware.htmlunit.DefaultCssErrorHandler error
WARNING: CSS error: &apos;https://d1cergvr8ivu54.cloudfront.net/ce/pulse/stylesheets/archive/mangomkt1_40802487-min.css&apos; [1:96645] Error in style rule. (Invalid token &quot;html&quot;. Was expecting one of: &lt;S&gt;, &lt;LBRACE&gt;, &quot;.&quot;, &quot;:&quot;, &quot;[&quot;, &lt;COMMA&gt;, &lt;HASH&gt;, &lt;S&gt;.)
Jul 08, 2019 12:54:13 PM com.gargoylesoftware.htmlunit.DefaultCssErrorHandler warning
WARNING: CSS warning: &apos;https://d1cergvr8ivu54.cloudfront.net/ce/pulse/stylesheets/archive/mangomkt1_40802487-min.css&apos; [1:96645] Ignoring the following declarations in this rule.
Jul 08, 2019 12:54:13 PM com.gargoylesoftware.htmlunit.DefaultCssErrorHandler error
WARNING: CSS error: &apos;https://d1cergvr8ivu54.cloudfront.net/ce/pulse/stylesheets/archive/mangomkt1_40802487-min.css&apos; [1:97722] Error in declaration. &apos;*&apos; is not allowed as first char of a property.
Jul 08, 2019 12:54:13 PM com.gargoylesoftware.htmlunit.DefaultCssErrorHandler error
WARNING: CSS error: &apos;https://d1cergvr8ivu54.cloudfront.net/ce/pulse/stylesheets/archive/mangomkt1_40802487-min.css&apos; [1:98967] Error in declaration. &apos;*&apos; is not allowed as first char of a property.
Jul 08, 2019 12:54:13 PM com.gargoylesoftware.htmlunit.DefaultCssErrorHandler error
WARNING: CSS error: &apos;https://d1cergvr8ivu54.cloudfront.net/ce/pulse/stylesheets/archive/mangomkt1_40802487-min.css&apos; [1:99105] Error in declaration. &apos;*&apos; is not allowed as first char of a property.
Jul 08, 2019 12:54:13 PM com.gargoylesoftware.htmlunit.DefaultCssErrorHandler error
WARNING: CSS error: &apos;https://d1cergvr8ivu54.cloudfront.net/ce/pulse/stylesheets/archive/mangomkt1_40802487-min.css&apos; [1:99123] Error in declaration. &apos;*&apos; is not allowed as first char of a property.
Jul 08, 2019 12:54:13 PM com.gargoylesoftware.htmlunit.DefaultCssErrorHandler error
WARNING: CSS error: &apos;https://d1cergvr8ivu54.cloudfront.net/ce/pulse/stylesheets/archive/mangomkt1_40802487-min.css&apos; [1:99304] Error in declaration. &apos;*&apos; is not allowed as first char of a property.
Jul 08, 2019 12:54:13 PM com.gargoylesoftware.htmlunit.DefaultCssErrorHandler error
WARNING: CSS error: &apos;https://d1cergvr8ivu54.cloudfront.net/ce/pulse/stylesheets/archive/mangomkt1_40802487-min.css&apos; [1:99314] Error in declaration. &apos;*&apos; is not allowed as first char of a property.
Jul 08, 2019 12:54:13 PM com.gargoylesoftware.htmlunit.DefaultCssErrorHandler error
WARNING: CSS error: &apos;https://d1cergvr8ivu54.cloudfront.net/ce/pulse/stylesheets/archive/mangomkt1_40802487-min.css&apos; [1:99537] Error in declaration. &apos;*&apos; is not allowed as first char of a property.
Jul 08, 2019 12:54:13 PM com.gargoylesoftware.htmlunit.DefaultCssErrorHandler error
WARNING: CSS error: &apos;https://d1cergvr8ivu54.cloudfront.net/ce/pulse/stylesheets/archive/mangomkt1_40802487-min.css&apos; [1:100231] Error in declaration. &apos;*&apos; is not allowed as first char of a property.
Jul 08, 2019 12:54:13 PM com.gargoylesoftware.htmlunit.DefaultCssErrorHandler error
WARNING: CSS error: &apos;https://d1cergvr8ivu54.cloudfront.net/ce/pulse/stylesheets/archive/mangomkt1_40802487-min.css&apos; [1:100240] Error in declaration. &apos;*&apos; is not allowed as first char of a property.
Jul 08, 2019 12:54:13 PM com.gargoylesoftware.htmlunit.DefaultCssErrorHandler error
WARNING: CSS error: &apos;https://d1cergvr8ivu54.cloudfront.net/ce/pulse/stylesheets/archive/mangomkt1_40802487-min.css&apos; [1:100251] Error in declaration. &apos;*&apos; is not allowed as first char of a property.
Jul 08, 2019 12:54:13 PM com.gargoylesoftware.htmlunit.DefaultCssErrorHandler error
WARNING: CSS error: &apos;https://d1cergvr8ivu54.cloudfront.net/ce/pulse/stylesheets/archive/mangomkt1_40802487-min.css&apos; [1:100263] Error in declaration. &apos;*&apos; is not allowed as first char of a property.
Jul 08, 2019 12:54:13 PM com.gargoylesoftware.htmlunit.DefaultCssErrorHandler error
WARNING: CSS error: &apos;https://d1cergvr8ivu54.cloudfront.net/ce/pulse/stylesheets/archive/mangomkt1_40802487-min.css&apos; [1:103313] Error in declaration. &apos;*&apos; is not allowed as first char of a property.
Jul 08, 2019 12:54:13 PM com.gargoylesoftware.htmlunit.DefaultCssErrorHandler error
WARNING: CSS error: &apos;https://d1cergvr8ivu54.cloudfront.net/ce/pulse/stylesheets/archive/mangomkt1_40802487-min.css&apos; [1:111376] Error in declaration. &apos;*&apos; is not allowed as first char of a property.
Jul 08, 2019 12:54:13 PM com.gargoylesoftware.htmlunit.DefaultCssErrorHandler error
WARNING: CSS error: &apos;https://d1cergvr8ivu54.cloudfront.net/ce/pulse/stylesheets/archive/mangomkt1_40802487-min.css&apos; [1:115858] Error in declaration. &apos;*&apos; is not allowed as first char of a property.
Jul 08, 2019 12:54:13 PM com.gargoylesoftware.htmlunit.DefaultCssErrorHandler error
WARNING: CSS error: &apos;https://d1cergvr8ivu54.cloudfront.net/ce/pulse/stylesheets/archive/mangomkt1_40802487-min.css&apos; [1:116198] Error in declaration. &apos;*&apos; is not allowed as first char of a property.
Jul 08, 2019 12:54:13 PM com.gargoylesoftware.htmlunit.DefaultCssErrorHandler error
WARNING: CSS error: &apos;https://d1cergvr8ivu54.cloudfront.net/ce/pulse/stylesheets/archive/mangomkt1_40802487-min.css&apos; [1:116325] Error in declaration. &apos;*&apos; is not allowed as first char of a property.
Jul 08, 2019 12:54:13 PM com.gargoylesoftware.htmlunit.DefaultCssErrorHandler error
WARNING: CSS error: &apos;https://d1cergvr8ivu54.cloudfront.net/ce/pulse/stylesheets/archive/mangomkt1_40802487-min.css&apos; [1:116452] Error in declaration. &apos;*&apos; is not allowed as first char of a property.
Jul 08, 2019 12:54:13 PM com.gargoylesoftware.htmlunit.DefaultCssErrorHandler error
WARNING: CSS error: &apos;https://d1cergvr8ivu54.cloudfront.net/ce/pulse/stylesheets/archive/mangomkt1_40802487-min.css&apos; [1:116992] Error in declaration. &apos;*&apos; is not allowed as first char of a property.
Jul 08, 2019 12:54:13 PM com.gargoylesoftware.htmlunit.DefaultCssErrorHandler error
WARNING: CSS error: &apos;https://d1cergvr8ivu54.cloudfront.net/ce/pulse/stylesheets/archive/mangomkt1_40802487-min.css&apos; [1:117002] Error in declaration. &apos;*&apos; is not allowed as first char of a property.
Jul 08, 2019 12:54:13 PM com.gargoylesoftware.htmlunit.DefaultCssErrorHandler error
WARNING: CSS error: &apos;https://d1cergvr8ivu54.cloudfront.net/ce/pulse/stylesheets/archive/mangomkt1_40802487-min.css&apos; [1:122804] Error in declaration. &apos;*&apos; is not allowed as first char of a property.
Jul 08, 2019 12:54:13 PM com.gargoylesoftware.htmlunit.DefaultCssErrorHandler error
WARNING: CSS error: &apos;https://d1cergvr8ivu54.cloudfront.net/ce/pulse/stylesheets/archive/mangomkt1_40802487-min.css&apos; [1:124035] Error in declaration. &apos;*&apos; is not allowed as first char of a property.
Jul 08, 2019 12:54:13 PM com.gargoylesoftware.htmlunit.DefaultCssErrorHandler error
WARNING: CSS error: &apos;https://d1cergvr8ivu54.cloudfront.net/ce/pulse/stylesheets/archive/mangomkt1_40802487-min.css&apos; [1:130739] Error in declaration. &apos;*&apos; is not allowed as first char of a property.
Jul 08, 2019 12:54:13 PM com.gargoylesoftware.htmlunit.DefaultCssErrorHandler error
WARNING: CSS error: &apos;https://d1cergvr8ivu54.cloudfront.net/ce/pulse/stylesheets/archive/mangomkt1_40802487-min.css&apos; [1:130767] Error in declaration. &apos;*&apos; is not allowed as first char of a property.
Jul 08, 2019 12:54:13 PM com.gargoylesoftware.htmlunit.DefaultCssErrorHandler error
WARNING: CSS error: &apos;https://d1cergvr8ivu54.cloudfront.net/ce/pulse/stylesheets/archive/mangomkt1_40802487-min.css&apos; [1:131174] Error in declaration. &apos;*&apos; is not allowed as first char of a property.
Jul 08, 2019 12:54:13 PM com.gargoylesoftware.htmlunit.DefaultCssErrorHandler error
WARNING: CSS error: &apos;https://d1cergvr8ivu54.cloudfront.net/ce/pulse/stylesheets/archive/mangomkt1_40802487-min.css&apos; [1:137564] Error in declaration. &apos;*&apos; is not allowed as first char of a property.
Jul 08, 2019 12:54:13 PM com.gargoylesoftware.htmlunit.DefaultCssErrorHandler error
WARNING: CSS error: &apos;https://d1cergvr8ivu54.cloudfront.net/ce/pulse/stylesheets/archive/mangomkt1_40802487-min.css&apos; [1:137587] Error in declaration. &apos;*&apos; is not allowed as first char of a property.
Jul 08, 2019 12:54:13 PM com.gargoylesoftware.htmlunit.DefaultCssErrorHandler error
WARNING: CSS error: &apos;https://d1cergvr8ivu54.cloudfront.net/ce/pulse/stylesheets/archive/mangomkt1_40802487-min.css&apos; [1:138059] Error in declaration. &apos;*&apos; is not allowed as first char of a property.
Jul 08, 2019 12:54:13 PM com.gargoylesoftware.htmlunit.DefaultCssErrorHandler error
WARNING: CSS error: &apos;https://d1cergvr8ivu54.cloudfront.net/ce/pulse/stylesheets/archive/mangomkt1_40802487-min.css&apos; [1:140967] Error in declaration. &apos;*&apos; is not allowed as first char of a property.
Jul 08, 2019 12:54:13 PM com.gargoylesoftware.htmlunit.DefaultCssErrorHandler error
WARNING: CSS error: &apos;https://d1cergvr8ivu54.cloudfront.net/ce/pulse/stylesheets/archive/mangomkt1_40802487-min.css&apos; [1:140999] Error in declaration. &apos;*&apos; is not allowed as first char of a property.
Jul 08, 2019 12:54:13 PM com.gargoylesoftware.htmlunit.DefaultCssErrorHandler error
WARNING: CSS error: &apos;https://d1cergvr8ivu54.cloudfront.net/ce/pulse/stylesheets/archive/mangomkt1_40802487-min.css&apos; [1:141873] Error in declaration. &apos;*&apos; is not allowed as first char of a property.
Jul 08, 2019 12:54:13 PM com.gargoylesoftware.htmlunit.DefaultCssErrorHandler error
WARNING: CSS error: &apos;https://d1cergvr8ivu54.cloudfront.net/ce/pulse/stylesheets/archive/mangomkt1_40802487-min.css&apos; [1:142184] Error in declaration. &apos;*&apos; is not allowed as first char of a property.
Jul 08, 2019 12:54:13 PM com.gargoylesoftware.htmlunit.DefaultCssErrorHandler error
WARNING: CSS error: &apos;https://d1cergvr8ivu54.cloudfront.net/ce/pulse/stylesheets/archive/mangomkt1_40802487-min.css&apos; [1:142340] Error in declaration. &apos;*&apos; is not allowed as first char of a property.
Jul 08, 2019 12:54:13 PM com.gargoylesoftware.htmlunit.DefaultCssErrorHandler error
WARNING: CSS error: &apos;https://d1cergvr8ivu54.cloudfront.net/ce/pulse/stylesheets/archive/mangomkt1_40802487-min.css&apos; [1:142743] Error in declaration. &apos;*&apos; is not allowed as first char of a property.
Jul 08, 2019 12:54:13 PM com.gargoylesoftware.htmlunit.DefaultCssErrorHandler error
WARNING: CSS error: &apos;https://d1cergvr8ivu54.cloudfront.net/ce/pulse/stylesheets/archive/mangomkt1_40802487-min.css&apos; [1:143066] Error in declaration. &apos;*&apos; is not allowed as first char of a property.
Jul 08, 2019 12:54:13 PM com.gargoylesoftware.htmlunit.DefaultCssErrorHandler error
WARNING: CSS error: &apos;https://d1cergvr8ivu54.cloudfront.net/ce/pulse/stylesheets/archive/mangomkt1_40802487-min.css&apos; [1:143193] Error in declaration. &apos;*&apos; is not allowed as first char of a property.
Jul 08, 2019 12:54:13 PM com.gargoylesoftware.htmlunit.DefaultCssErrorHandler error
WARNING: CSS error: &apos;https://d1cergvr8ivu54.cloudfront.net/ce/pulse/stylesheets/archive/mangomkt1_40802487-min.css&apos; [1:143297] Error in declaration. &apos;*&apos; is not allowed as first char of a property.
Jul 08, 2019 12:54:13 PM com.gargoylesoftware.htmlunit.DefaultCssErrorHandler error
WARNING: CSS error: &apos;https://d1cergvr8ivu54.cloudfront.net/ce/pulse/stylesheets/archive/mangomkt1_40802487-min.css&apos; [1:144556] Error in declaration. &apos;*&apos; is not allowed as first char of a property.
Jul 08, 2019 12:54:13 PM com.gargoylesoftware.htmlunit.DefaultCssErrorHandler error
WARNING: CSS error: &apos;https://d1cergvr8ivu54.cloudfront.net/ce/pulse/stylesheets/archive/mangomkt1_40802487-min.css&apos; [1:159233] Error in declaration. &apos;*&apos; is not allowed as first char of a property.
Jul 08, 2019 12:54:13 PM com.gargoylesoftware.htmlunit.DefaultCssErrorHandler error
WARNING: CSS error: &apos;https://d1cergvr8ivu54.cloudfront.net/ce/pulse/stylesheets/archive/mangomkt1_40802487-min.css&apos; [1:163715] Error in declaration. &apos;*&apos; is not allowed as first char of a property.
Jul 08, 2019 12:54:13 PM com.gargoylesoftware.htmlunit.DefaultCssErrorHandler error
WARNING: CSS error: &apos;https://d1cergvr8ivu54.cloudfront.net/ce/pulse/stylesheets/archive/mangomkt1_40802487-min.css&apos; [1:164055] Error in declaration. &apos;*&apos; is not allowed as first char of a property.
Jul 08, 2019 12:54:13 PM com.gargoylesoftware.htmlunit.DefaultCssErrorHandler error
WARNING: CSS error: &apos;https://d1cergvr8ivu54.cloudfront.net/ce/pulse/stylesheets/archive/mangomkt1_40802487-min.css&apos; [1:164182] Error in declaration. &apos;*&apos; is not allowed as first char of a property.
Jul 08, 2019 12:54:13 PM com.gargoylesoftware.htmlunit.DefaultCssErrorHandler error
WARNING: CSS error: &apos;https://d1cergvr8ivu54.cloudfront.net/ce/pulse/stylesheets/archive/mangomkt1_40802487-min.css&apos; [1:164309] Error in declaration. &apos;*&apos; is not allowed as first char of a property.
Jul 08, 2019 12:54:13 PM com.gargoylesoftware.htmlunit.DefaultCssErrorHandler error
WARNING: CSS error: &apos;https://d1cergvr8ivu54.cloudfront.net/ce/pulse/stylesheets/archive/mangomkt1_40802487-min.css&apos; [1:164849] Error in declaration. &apos;*&apos; is not allowed as first char of a property.
Jul 08, 2019 12:54:13 PM com.gargoylesoftware.htmlunit.DefaultCssErrorHandler error
WARNING: CSS error: &apos;https://d1cergvr8ivu54.cloudfront.net/ce/pulse/stylesheets/archive/mangomkt1_40802487-min.css&apos; [1:164859] Error in declaration. &apos;*&apos; is not allowed as first char of a property.
Jul 08, 2019 12:54:13 PM com.gargoylesoftware.htmlunit.DefaultCssErrorHandler error
WARNING: CSS error: &apos;https://d1cergvr8ivu54.cloudfront.net/ce/pulse/stylesheets/archive/mangomkt1_40802487-min.css&apos; [1:170661] Error in declaration. &apos;*&apos; is not allowed as first char of a property.
Jul 08, 2019 12:54:13 PM com.gargoylesoftware.htmlunit.DefaultCssErrorHandler error
WARNING: CSS error: &apos;https://d1cergvr8ivu54.cloudfront.net/ce/pulse/stylesheets/archive/mangomkt1_40802487-min.css&apos; [1:171892] Error in declaration. &apos;*&apos; is not allowed as first char of a property.
Jul 08, 2019 12:54:13 PM com.gargoylesoftware.htmlunit.DefaultCssErrorHandler error
WARNING: CSS error: &apos;https://d1cergvr8ivu54.cloudfront.net/ce/pulse/stylesheets/archive/mangomkt1_40802487-min.css&apos; [1:178596] Error in declaration. &apos;*&apos; is not allowed as first char of a property.
Jul 08, 2019 12:54:13 PM com.gargoylesoftware.htmlunit.DefaultCssErrorHandler error
WARNING: CSS error: &apos;https://d1cergvr8ivu54.cloudfront.net/ce/pulse/stylesheets/archive/mangomkt1_40802487-min.css&apos; [1:178624] Error in declaration. &apos;*&apos; is not allowed as first char of a property.
Jul 08, 2019 12:54:13 PM com.gargoylesoftware.htmlunit.DefaultCssErrorHandler error
WARNING: CSS error: &apos;https://d1cergvr8ivu54.cloudfront.net/ce/pulse/stylesheets/archive/mangomkt1_40802487-min.css&apos; [1:179031] Error in declaration. &apos;*&apos; is not allowed as first char of a property.
Jul 08, 2019 12:54:13 PM com.gargoylesoftware.htmlunit.DefaultCssErrorHandler error
WARNING: CSS error: &apos;https://d1cergvr8ivu54.cloudfront.net/ce/pulse/stylesheets/archive/mangomkt1_40802487-min.css&apos; [1:182265] Error in declaration. &apos;*&apos; is not allowed as first char of a property.
Jul 08, 2019 12:54:13 PM com.gargoylesoftware.htmlunit.DefaultCssErrorHandler error
WARNING: CSS error: &apos;https://d1cergvr8ivu54.cloudfront.net/ce/pulse/stylesheets/archive/mangomkt1_40802487-min.css&apos; [1:199326] Error in declaration. &apos;*&apos; is not allowed as first char of a property.
Jul 08, 2019 12:54:13 PM com.gargoylesoftware.htmlunit.DefaultCssErrorHandler error
WARNING: CSS error: &apos;https://d1cergvr8ivu54.cloudfront.net/ce/pulse/stylesheets/archive/mangomkt1_40802487-min.css&apos; [1:209308] Error in declaration. &apos;*&apos; is not allowed as first char of a property.
Jul 08, 2019 12:54:13 PM com.gargoylesoftware.htmlunit.DefaultCssErrorHandler error
WARNING: CSS error: &apos;https://d1cergvr8ivu54.cloudfront.net/ce/pulse/stylesheets/archive/mangomkt1_40802487-min.css&apos; [1:209333] Error in declaration. &apos;*&apos; is not allowed as first char of a property.
Jul 08, 2019 12:54:13 PM com.gargoylesoftware.htmlunit.DefaultCssErrorHandler error
WARNING: CSS error: &apos;https://d1cergvr8ivu54.cloudfront.net/ce/pulse/stylesheets/archive/mangomkt1_40802487-min.css&apos; [1:215529] Error in declaration. &apos;*&apos; is not allowed as first char of a property.
Jul 08, 2019 12:54:13 PM com.gargoylesoftware.htmlunit.DefaultCssErrorHandler error
WARNING: CSS error: &apos;https://d1cergvr8ivu54.cloudfront.net/ce/pulse/stylesheets/archive/mangomkt1_40802487-min.css&apos; [1:215929] Error in declaration. &apos;*&apos; is not allowed as first char of a property.
Jul 08, 2019 12:54:14 PM com.gargoylesoftware.htmlunit.DefaultCssErrorHandler error
WARNING: CSS error: &apos;https://d1cergvr8ivu54.cloudfront.net/ce/pulse/stylesheets/archive/mangomkt1_40802487-min.css&apos; [1:220171] Error in declaration. &apos;*&apos; is not allowed as first char of a property.
Jul 08, 2019 12:54:14 PM com.gargoylesoftware.htmlunit.DefaultCssErrorHandler error
WARNING: CSS error: &apos;https://d1cergvr8ivu54.cloudfront.net/ce/pulse/stylesheets/archive/mangomkt1_40802487-min.css&apos; [1:227425] Error in declaration. &apos;*&apos; is not allowed as first char of a property.
Jul 08, 2019 12:54:14 PM com.gargoylesoftware.htmlunit.DefaultCssErrorHandler error
WARNING: CSS error: &apos;https://d1cergvr8ivu54.cloudfront.net/ce/pulse/stylesheets/archive/mangomkt1_40802487-min.css&apos; [1:228893] Error in rule. (Invalid token &quot;}&quot;. Was expecting one of: &lt;S&gt;, &lt;IDENT&gt;, &quot;&lt;!--&quot;, &quot;--&gt;&quot;, &quot;.&quot;, &quot;:&quot;, &quot;*&quot;, &quot;[&quot;, &lt;HASH&gt;, &lt;IMPORT_SYM&gt;, &lt;PAGE_SYM&gt;, &lt;MEDIA_SYM&gt;, &lt;FONT_FACE_SYM&gt;, &lt;ATKEYWORD&gt;.)
Jul 08, 2019 12:54:14 PM com.gargoylesoftware.htmlunit.DefaultCssErrorHandler warning
WARNING: CSS warning: &apos;https://d1cergvr8ivu54.cloudfront.net/ce/pulse/stylesheets/archive/mangomkt1_40802487-min.css&apos; [1:228893] Ignoring the whole rule.
Jul 08, 2019 12:54:14 PM com.gargoylesoftware.htmlunit.DefaultCssErrorHandler error
WARNING: CSS error: &apos;https://d1cergvr8ivu54.cloudfront.net/ce/pulse/stylesheets/archive/mangomkt1_40802487-min.css&apos; [1:228946] Error in declaration. &apos;*&apos; is not allowed as first char of a property.
Jul 08, 2019 12:54:14 PM com.gargoylesoftware.htmlunit.DefaultCssErrorHandler error
WARNING: CSS error: &apos;https://d1cergvr8ivu54.cloudfront.net/ce/pulse/stylesheets/archive/mangomkt1_40802487-min.css&apos; [1:229704] Error in declaration. &apos;*&apos; is not allowed as first char of a property.
Jul 08, 2019 12:54:14 PM com.gargoylesoftware.htmlunit.DefaultCssErrorHandler error
WARNING: CSS error: &apos;https://d1cergvr8ivu54.cloudfront.net/ce/pulse/stylesheets/archive/mangomkt1_40802487-min.css&apos; [1:231140] Error in declaration. &apos;*&apos; is not allowed as first char of a property.
Jul 08, 2019 12:54:14 PM com.gargoylesoftware.htmlunit.DefaultCssErrorHandler error
WARNING: CSS error: &apos;https://d1cergvr8ivu54.cloudfront.net/ce/pulse/stylesheets/archive/mangomkt1_40802487-min.css&apos; [1:233040] Error in declaration. &apos;*&apos; is not allowed as first char of a property.
Jul 08, 2019 12:54:14 PM com.gargoylesoftware.htmlunit.DefaultCssErrorHandler error
WARNING: CSS error: &apos;https://d1cergvr8ivu54.cloudfront.net/ce/pulse/stylesheets/archive/mangomkt1_40802487-min.css&apos; [1:238055] Error in declaration. &apos;*&apos; is not allowed as first char of a property.
Jul 08, 2019 12:54:14 PM com.gargoylesoftware.htmlunit.DefaultCssErrorHandler error
WARNING: CSS error: &apos;https://d1cergvr8ivu54.cloudfront.net/ce/pulse/stylesheets/archive/mangomkt2_40802487-min.css&apos; [1:19415] Error in declaration. &apos;*&apos; is not allowed as first char of a property.
Jul 08, 2019 12:54:14 PM com.gargoylesoftware.htmlunit.DefaultCssErrorHandler error
WARNING: CSS error: &apos;https://d1cergvr8ivu54.cloudfront.net/ce/pulse/stylesheets/archive/mangomkt2_40802487-min.css&apos; [1:28912] Error in declaration. &apos;*&apos; is not allowed as first char of a property.
Jul 08, 2019 12:54:14 PM com.gargoylesoftware.htmlunit.DefaultCssErrorHandler error
WARNING: CSS error: &apos;https://d1cergvr8ivu54.cloudfront.net/ce/pulse/stylesheets/archive/mangomkt2_40802487-min.css&apos; [1:38894] Error in declaration. &apos;*&apos; is not allowed as first char of a property.
Jul 08, 2019 12:54:14 PM com.gargoylesoftware.htmlunit.DefaultCssErrorHandler error
WARNING: CSS error: &apos;https://d1cergvr8ivu54.cloudfront.net/ce/pulse/stylesheets/archive/mangomkt2_40802487-min.css&apos; [1:38919] Error in declaration. &apos;*&apos; is not allowed as first char of a property.
Jul 08, 2019 12:54:14 PM com.gargoylesoftware.htmlunit.DefaultCssErrorHandler error
WARNING: CSS error: &apos;https://d1cergvr8ivu54.cloudfront.net/ce/pulse/stylesheets/archive/mangomkt2_40802487-min.css&apos; [1:45115] Error in declaration. &apos;*&apos; is not allowed as first char of a property.
Jul 08, 2019 12:54:14 PM com.gargoylesoftware.htmlunit.DefaultCssErrorHandler error
WARNING: CSS error: &apos;https://d1cergvr8ivu54.cloudfront.net/ce/pulse/stylesheets/archive/mangomkt2_40802487-min.css&apos; [1:45515] Error in declaration. &apos;*&apos; is not allowed as first char of a property.
Jul 08, 2019 12:54:14 PM com.gargoylesoftware.htmlunit.DefaultCssErrorHandler error
WARNING: CSS error: &apos;https://d1cergvr8ivu54.cloudfront.net/ce/pulse/stylesheets/archive/mangomkt2_40802487-min.css&apos; [1:49757] Error in declaration. &apos;*&apos; is not allowed as first char of a property.
Jul 08, 2019 12:54:14 PM com.gargoylesoftware.htmlunit.DefaultCssErrorHandler error
WARNING: CSS error: &apos;https://d1cergvr8ivu54.cloudfront.net/ce/pulse/stylesheets/archive/mangomkt2_40802487-min.css&apos; [1:57011] Error in declaration. &apos;*&apos; is not allowed as first char of a property.
Jul 08, 2019 12:54:14 PM com.gargoylesoftware.htmlunit.DefaultCssErrorHandler error
WARNING: CSS error: &apos;https://d1cergvr8ivu54.cloudfront.net/ce/pulse/stylesheets/archive/mangomkt2_40802487-min.css&apos; [1:58479] Error in rule. (Invalid token &quot;}&quot;. Was expecting one of: &lt;S&gt;, &lt;IDENT&gt;, &quot;&lt;!--&quot;, &quot;--&gt;&quot;, &quot;.&quot;, &quot;:&quot;, &quot;*&quot;, &quot;[&quot;, &lt;HASH&gt;, &lt;IMPORT_SYM&gt;, &lt;PAGE_SYM&gt;, &lt;MEDIA_SYM&gt;, &lt;FONT_FACE_SYM&gt;, &lt;ATKEYWORD&gt;.)
Jul 08, 2019 12:54:14 PM com.gargoylesoftware.htmlunit.DefaultCssErrorHandler warning
WARNING: CSS warning: &apos;https://d1cergvr8ivu54.cloudfront.net/ce/pulse/stylesheets/archive/mangomkt2_40802487-min.css&apos; [1:58479] Ignoring the whole rule.
Jul 08, 2019 12:54:14 PM com.gargoylesoftware.htmlunit.DefaultCssErrorHandler error
WARNING: CSS error: &apos;https://d1cergvr8ivu54.cloudfront.net/ce/pulse/stylesheets/archive/mangomkt2_40802487-min.css&apos; [1:58532] Error in declaration. &apos;*&apos; is not allowed as first char of a property.
Jul 08, 2019 12:54:14 PM com.gargoylesoftware.htmlunit.DefaultCssErrorHandler error
WARNING: CSS error: &apos;https://d1cergvr8ivu54.cloudfront.net/ce/pulse/stylesheets/archive/mangomkt2_40802487-min.css&apos; [1:59290] Error in declaration. &apos;*&apos; is not allowed as first char of a property.
Jul 08, 2019 12:54:14 PM com.gargoylesoftware.htmlunit.DefaultCssErrorHandler error
WARNING: CSS error: &apos;https://d1cergvr8ivu54.cloudfront.net/ce/pulse/stylesheets/archive/mangomkt2_40802487-min.css&apos; [1:60726] Error in declaration. &apos;*&apos; is not allowed as first char of a property.
Jul 08, 2019 12:54:14 PM com.gargoylesoftware.htmlunit.DefaultCssErrorHandler error
WARNING: CSS error: &apos;https://d1cergvr8ivu54.cloudfront.net/ce/pulse/stylesheets/archive/mangomkt2_40802487-min.css&apos; [1:62626] Error in declaration. &apos;*&apos; is not allowed as first char of a property.
Jul 08, 2019 12:54:14 PM com.gargoylesoftware.htmlunit.DefaultCssErrorHandler error
WARNING: CSS error: &apos;https://d1cergvr8ivu54.cloudfront.net/ce/pulse/stylesheets/archive/mangomkt2_40802487-min.css&apos; [1:67641] Error in declaration. &apos;*&apos; is not allowed as first char of a property.
Jul 08, 2019 12:54:14 PM com.gargoylesoftware.htmlunit.DefaultCssErrorHandler error
WARNING: CSS error: &apos;https://d1cergvr8ivu54.cloudfront.net/ce/pulse/stylesheets/archive/mangomkt2_40802487-min.css&apos; [1:77726] Error in declaration. &apos;*&apos; is not allowed as first char of a property.
Jul 08, 2019 12:54:14 PM com.gargoylesoftware.htmlunit.DefaultCssErrorHandler error
WARNING: CSS error: &apos;https://d1cergvr8ivu54.cloudfront.net/ce/pulse/stylesheets/archive/mangomkt2_40802487-min.css&apos; [1:81817] Error in declaration. &apos;*&apos; is not allowed as first char of a property.
Jul 08, 2019 12:54:14 PM com.gargoylesoftware.htmlunit.DefaultCssErrorHandler error
WARNING: CSS error: &apos;https://d1cergvr8ivu54.cloudfront.net/ce/pulse/stylesheets/archive/mangomkt2_40802487-min.css&apos; [1:87351] Error in declaration. &apos;*&apos; is not allowed as first char of a property.
Jul 08, 2019 12:54:14 PM com.gargoylesoftware.htmlunit.DefaultCssErrorHandler error
WARNING: CSS error: &apos;https://d1cergvr8ivu54.cloudfront.net/ce/pulse/stylesheets/archive/mangomkt2_40802487-min.css&apos; [1:108688] Error in declaration. &apos;*&apos; is not allowed as first char of a property.
Jul 08, 2019 12:54:14 PM com.gargoylesoftware.htmlunit.DefaultCssErrorHandler error
WARNING: CSS error: &apos;https://d1cergvr8ivu54.cloudfront.net/ce/pulse/stylesheets/archive/mangomkt2_40802487-min.css&apos; [1:112636] Error in declaration. &apos;*&apos; is not allowed as first char of a property.
Jul 08, 2019 12:54:14 PM com.gargoylesoftware.htmlunit.DefaultCssErrorHandler error
WARNING: CSS error: &apos;https://d1cergvr8ivu54.cloudfront.net/ce/pulse/stylesheets/archive/mangomkt2_40802487-min.css&apos; [1:113473] Error in declaration. &apos;*&apos; is not allowed as first char of a property.
Jul 08, 2019 12:54:14 PM com.gargoylesoftware.htmlunit.DefaultCssErrorHandler error
WARNING: CSS error: &apos;https://d1cergvr8ivu54.cloudfront.net/ce/pulse/stylesheets/archive/mangomkt2_40802487-min.css&apos; [1:113497] Error in declaration. &apos;*&apos; is not allowed as first char of a property.
Jul 08, 2019 12:54:14 PM com.gargoylesoftware.htmlunit.DefaultCssErrorHandler error
WARNING: CSS error: &apos;https://d1cergvr8ivu54.cloudfront.net/ce/pulse/stylesheets/archive/mangomkt2_40802487-min.css&apos; [1:115338] Error in declaration. &apos;*&apos; is not allowed as first char of a property.
Jul 08, 2019 12:54:14 PM com.gargoylesoftware.htmlunit.DefaultCssErrorHandler error
WARNING: CSS error: &apos;https://d1cergvr8ivu54.cloudfront.net/ce/pulse/stylesheets/archive/mangomkt2_40802487-min.css&apos; [1:115350] Error in declaration. &apos;*&apos; is not allowed as first char of a property.
Jul 08, 2019 12:54:14 PM com.gargoylesoftware.htmlunit.DefaultCssErrorHandler error
WARNING: CSS error: &apos;https://d1cergvr8ivu54.cloudfront.net/ce/pulse/stylesheets/archive/mangomkt2_40802487-min.css&apos; [1:119569] Error in declaration. &apos;*&apos; is not allowed as first char of a property.
Jul 08, 2019 12:54:14 PM com.gargoylesoftware.htmlunit.DefaultCssErrorHandler error
WARNING: CSS error: &apos;https://d1cergvr8ivu54.cloudfront.net/ce/pulse/stylesheets/archive/mangomkt2_40802487-min.css&apos; [1:119660] Error in declaration. &apos;*&apos; is not allowed as first char of a property.
Jul 08, 2019 12:54:14 PM com.gargoylesoftware.htmlunit.DefaultCssErrorHandler error
WARNING: CSS error: &apos;https://d1cergvr8ivu54.cloudfront.net/ce/pulse/stylesheets/archive/mangomkt2_40802487-min.css&apos; [1:152674] Error in declaration. &apos;*&apos; is not allowed as first char of a property.
Jul 08, 2019 12:54:14 PM com.gargoylesoftware.htmlunit.DefaultCssErrorHandler error
WARNING: CSS error: &apos;https://d1cergvr8ivu54.cloudfront.net/ce/pulse/stylesheets/archive/mangomkt2_40802487-min.css&apos; [1:153774] Error in declaration. &apos;*&apos; is not allowed as first char of a property.
Jul 08, 2019 12:54:14 PM com.gargoylesoftware.htmlunit.DefaultCssErrorHandler error
WARNING: CSS error: &apos;https://d1cergvr8ivu54.cloudfront.net/ce/pulse/stylesheets/archive/mangomkt2_40802487-min.css&apos; [1:154101] Error in declaration. &apos;*&apos; is not allowed as first char of a property.
Jul 08, 2019 12:54:14 PM com.gargoylesoftware.htmlunit.DefaultCssErrorHandler error
WARNING: CSS error: &apos;https://d1cergvr8ivu54.cloudfront.net/ce/pulse/stylesheets/archive/mangomkt2_40802487-min.css&apos; [1:207837] Error in expression. (Invalid token &quot; &quot;. Was expecting one of: &lt;NUMBER&gt;, &quot;inherit&quot;, &lt;IDENT&gt;, &lt;STRING&gt;, &lt;HASH&gt;, &lt;EMS&gt;, &lt;REM&gt;, &lt;EXS&gt;, &lt;LENGTH_PX&gt;, &lt;LENGTH_CM&gt;, &lt;LENGTH_MM&gt;, &lt;LENGTH_IN&gt;, &lt;LENGTH_PT&gt;, &lt;LENGTH_PC&gt;, &lt;ANGLE_DEG&gt;, &lt;ANGLE_RAD&gt;, &lt;ANGLE_GRAD&gt;, &lt;TIME_MS&gt;, &lt;TIME_S&gt;, &lt;FREQ_HZ&gt;, &lt;FREQ_KHZ&gt;, &lt;RESOLUTION_DPI&gt;, &lt;RESOLUTION_DPCM&gt;, &lt;PERCENTAGE&gt;, &lt;DIMENSION&gt;, &lt;UNICODE_RANGE&gt;, &lt;URI&gt;, &lt;FUNCTION&gt;, &quot;progid:&quot;.)
Jul 08, 2019 12:54:14 PM com.gargoylesoftware.htmlunit.DefaultCssErrorHandler error
WARNING: CSS error: &apos;https://d1cergvr8ivu54.cloudfront.net/ce/pulse/stylesheets/archive/mangomkt2_40802487-min.css&apos; [1:221724] Error in declaration. &apos;*&apos; is not allowed as first char of a property.
Jul 08, 2019 12:54:14 PM com.gargoylesoftware.htmlunit.DefaultCssErrorHandler error
WARNING: CSS error: &apos;https://d1cergvr8ivu54.cloudfront.net/ce/pulse/stylesheets/archive/mangomkt2_40802487-min.css&apos; [1:228203] Error in declaration. &apos;*&apos; is not allowed as first char of a property.
Jul 08, 2019 12:54:14 PM com.gargoylesoftware.htmlunit.DefaultCssErrorHandler error
WARNING: CSS error: &apos;https://d1cergvr8ivu54.cloudfront.net/ce/pulse/stylesheets/archive/mangomkt2_40802487-min.css&apos; [1:230537] Error in declaration. &apos;*&apos; is not allowed as first char of a property.
Jul 08, 2019 12:54:14 PM com.gargoylesoftware.htmlunit.DefaultCssErrorHandler error
WARNING: CSS error: &apos;https://d1cergvr8ivu54.cloudfront.net/ce/pulse/stylesheets/archive/mangomkt2_40802487-min.css&apos; [1:236018] Error in declaration. &apos;*&apos; is not allowed as first char of a property.
Jul 08, 2019 12:54:14 PM com.gargoylesoftware.htmlunit.DefaultCssErrorHandler error
WARNING: CSS error: &apos;https://d1cergvr8ivu54.cloudfront.net/ce/pulse/stylesheets/archive/mangomkt2_40802487-min.css&apos; [1:236047] Error in declaration. &apos;*&apos; is not allowed as first char of a property.
Jul 08, 2019 12:54:14 PM com.gargoylesoftware.htmlunit.DefaultCssErrorHandler error
WARNING: CSS error: &apos;https://d1cergvr8ivu54.cloudfront.net/ce/pulse/stylesheets/archive/mangomkt2_40802487-min.css&apos; [1:236231] Error in declaration. &apos;*&apos; is not allowed as first char of a property.
Jul 08, 2019 12:54:14 PM com.gargoylesoftware.htmlunit.DefaultCssErrorHandler error
WARNING: CSS error: &apos;https://d1cergvr8ivu54.cloudfront.net/ce/pulse/stylesheets/archive/mangomkt2_40802487-min.css&apos; [1:236260] Error in declaration. &apos;*&apos; is not allowed as first char of a property.
Jul 08, 2019 12:54:14 PM com.gargoylesoftware.htmlunit.DefaultCssErrorHandler error
WARNING: CSS error: &apos;https://d1cergvr8ivu54.cloudfront.net/ce/pulse/stylesheets/archive/mangomkt2_40802487-min.css&apos; [1:245904] Error in declaration. &apos;*&apos; is not allowed as first char of a property.
Jul 08, 2019 12:54:14 PM com.gargoylesoftware.htmlunit.DefaultCssErrorHandler error
WARNING: CSS error: &apos;https://d1cergvr8ivu54.cloudfront.net/ce/pulse/stylesheets/archive/mangomkt2_40802487-min.css&apos; [1:245922] Error in declaration. &apos;*&apos; is not allowed as first char of a property.
Jul 08, 2019 12:54:14 PM com.gargoylesoftware.htmlunit.DefaultCssErrorHandler error
WARNING: CSS error: &apos;https://d1cergvr8ivu54.cloudfront.net/ce/pulse/stylesheets/archive/mangomkt2_40802487-min.css&apos; [1:248177] Error in declaration. &apos;*&apos; is not allowed as first char of a property.
Jul 08, 2019 12:54:14 PM com.gargoylesoftware.htmlunit.DefaultCssErrorHandler error
WARNING: CSS error: &apos;https://d1cergvr8ivu54.cloudfront.net/ce/pulse/stylesheets/archive/mangomkt3_40802487-min.css&apos; [1:7330] Error in declaration. &apos;*&apos; is not allowed as first char of a property.
Jul 08, 2019 12:54:14 PM com.gargoylesoftware.htmlunit.DefaultCssErrorHandler error
WARNING: CSS error: &apos;https://d1cergvr8ivu54.cloudfront.net/ce/pulse/stylesheets/archive/mangomkt3_40802487-min.css&apos; [1:14553] Error in declaration. &apos;*&apos; is not allowed as first char of a property.
Jul 08, 2019 12:54:14 PM com.gargoylesoftware.htmlunit.DefaultCssErrorHandler error
WARNING: CSS error: &apos;https://d1cergvr8ivu54.cloudfront.net/ce/pulse/stylesheets/archive/mangomkt3_40802487-min.css&apos; [1:19488] Error in declaration. &apos;*&apos; is not allowed as first char of a property.
Jul 08, 2019 12:54:14 PM com.gargoylesoftware.htmlunit.DefaultCssErrorHandler error
WARNING: CSS error: &apos;https://d1cergvr8ivu54.cloudfront.net/ce/pulse/stylesheets/archive/mangomkt3_40802487-min.css&apos; [1:361889] Error in expression. (Invalid token &quot;.&quot;. Was expecting one of: &lt;S&gt;, &lt;NUMBER&gt;, &quot;inherit&quot;, &lt;IDENT&gt;, &lt;STRING&gt;, &quot;)&quot;, &quot;:&quot;, &quot;-&quot;, &quot;=&quot;, &lt;PLUS&gt;, &lt;COMMA&gt;, &lt;HASH&gt;, &lt;EMS&gt;, &lt;REM&gt;, &lt;EXS&gt;, &lt;LENGTH_PX&gt;, &lt;LENGTH_CM&gt;, &lt;LENGTH_MM&gt;, &lt;LENGTH_IN&gt;, &lt;LENGTH_PT&gt;, &lt;LENGTH_PC&gt;, &lt;ANGLE_DEG&gt;, &lt;ANGLE_RAD&gt;, &lt;ANGLE_GRAD&gt;, &lt;TIME_MS&gt;, &lt;TIME_S&gt;, &lt;FREQ_HZ&gt;, &lt;FREQ_KHZ&gt;, &lt;RESOLUTION_DPI&gt;, &lt;RESOLUTION_DPCM&gt;, &lt;PERCENTAGE&gt;, &lt;DIMENSION&gt;, &lt;UNICODE_RANGE&gt;, &lt;URI&gt;, &lt;FUNCTION&gt;, &quot;progid:&quot;.)
Jul 08, 2019 12:54:14 PM com.gargoylesoftware.htmlunit.DefaultCssErrorHandler error
WARNING: CSS error: &apos;https://d1cergvr8ivu54.cloudfront.net/ce/pulse/stylesheets/archive/mangomkt3_40802487-min.css&apos; [1:361997] Error in expression. (Invalid token &quot;(&quot;. Was expecting one of: &lt;S&gt;, &lt;NUMBER&gt;, &quot;inherit&quot;, &lt;IDENT&gt;, &lt;STRING&gt;, &quot;)&quot;, &quot;-&quot;, &lt;PLUS&gt;, &lt;HASH&gt;, &lt;EMS&gt;, &lt;REM&gt;, &lt;EXS&gt;, &lt;LENGTH_PX&gt;, &lt;LENGTH_CM&gt;, &lt;LENGTH_MM&gt;, &lt;LENGTH_IN&gt;, &lt;LENGTH_PT&gt;, &lt;LENGTH_PC&gt;, &lt;ANGLE_DEG&gt;, &lt;ANGLE_RAD&gt;, &lt;ANGLE_GRAD&gt;, &lt;TIME_MS&gt;, &lt;TIME_S&gt;, &lt;FREQ_HZ&gt;, &lt;FREQ_KHZ&gt;, &lt;RESOLUTION_DPI&gt;, &lt;RESOLUTION_DPCM&gt;, &lt;PERCENTAGE&gt;, &lt;DIMENSION&gt;, &lt;UNICODE_RANGE&gt;, &lt;URI&gt;, &lt;FUNCTION&gt;, &quot;progid:&quot;.)
Jul 08, 2019 12:54:14 PM com.gargoylesoftware.htmlunit.DefaultCssErrorHandler error
WARNING: CSS error: &apos;https://d1cergvr8ivu54.cloudfront.net/ce/pulse/stylesheets/archive/mangoapps_common_40802487-min.css&apos; [1:14753] Error in declaration. &apos;*&apos; is not allowed as first char of a property.
Jul 08, 2019 12:54:14 PM com.gargoylesoftware.htmlunit.DefaultCssErrorHandler error
WARNING: CSS error: &apos;https://d1cergvr8ivu54.cloudfront.net/ce/pulse/stylesheets/archive/mangoapps_common_40802487-min.css&apos; [1:24339] Error in declaration. &apos;*&apos; is not allowed as first char of a property.
Jul 08, 2019 12:54:14 PM com.gargoylesoftware.htmlunit.DefaultCssErrorHandler error
WARNING: CSS error: &apos;https://d1cergvr8ivu54.cloudfront.net/ce/pulse/stylesheets/archive/mangoapps_common_40802487-min.css&apos; [1:28676] Error in declaration. &apos;*&apos; is not allowed as first char of a property.
Jul 08, 2019 12:54:14 PM com.gargoylesoftware.htmlunit.DefaultCssErrorHandler error
WARNING: CSS error: &apos;https://d1cergvr8ivu54.cloudfront.net/ce/pulse/stylesheets/archive/mangoapps_common_40802487-min.css&apos; [1:28830] Error in declaration. &apos;*&apos; is not allowed as first char of a property.
Jul 08, 2019 12:54:14 PM com.gargoylesoftware.htmlunit.DefaultCssErrorHandler error
WARNING: CSS error: &apos;https://d1cergvr8ivu54.cloudfront.net/ce/pulse/stylesheets/archive/mangoapps_common_40802487-min.css&apos; [1:47789] Error in declaration. &apos;*&apos; is not allowed as first char of a property.
Jul 08, 2019 12:54:14 PM com.gargoylesoftware.htmlunit.DefaultCssErrorHandler error
WARNING: CSS error: &apos;https://d1cergvr8ivu54.cloudfront.net/ce/pulse/stylesheets/archive/mangoapps_common_40802487-min.css&apos; [1:65895] Error in declaration. &apos;*&apos; is not allowed as first char of a property.
Jul 08, 2019 12:54:14 PM com.gargoylesoftware.htmlunit.DefaultCssErrorHandler error
WARNING: CSS error: &apos;https://d1cergvr8ivu54.cloudfront.net/ce/pulse/stylesheets/archive/mangoapps_common_40802487-min.css&apos; [1:134825] Error in style rule. (Invalid token &quot;|&quot;. Was expecting one of: &lt;S&gt;, &lt;LBRACE&gt;, &quot;.&quot;, &quot;:&quot;, &quot;[&quot;, &lt;COMMA&gt;, &lt;HASH&gt;, &lt;S&gt;.)
Jul 08, 2019 12:54:14 PM com.gargoylesoftware.htmlunit.DefaultCssErrorHandler warning
WARNING: CSS warning: &apos;https://d1cergvr8ivu54.cloudfront.net/ce/pulse/stylesheets/archive/mangoapps_common_40802487-min.css&apos; [1:134825] Ignoring the following declarations in this rule.
Jul 08, 2019 12:54:14 PM com.gargoylesoftware.htmlunit.DefaultCssErrorHandler error
WARNING: CSS error: &apos;https://mediaee.engageexpress.com/ce/pulse/stylesheets/application.css&apos; [114:5] Error in declaration. &apos;*&apos; is not allowed as first char of a property.
Jul 08, 2019 12:54:14 PM com.gargoylesoftware.htmlunit.DefaultCssErrorHandler error
WARNING: CSS error: &apos;https://mediaee.engageexpress.com/ce/pulse/stylesheets/application.css&apos; [467:5] Error in declaration. &apos;*&apos; is not allowed as first char of a property.
Jul 08, 2019 12:54:14 PM com.gargoylesoftware.htmlunit.DefaultCssErrorHandler error
WARNING: CSS error: &apos;https://mediaee.engageexpress.com/ce/pulse/stylesheets/application.css&apos; [469:5] Error in declaration. &apos;*&apos; is not allowed as first char of a property.
Jul 08, 2019 12:54:14 PM com.gargoylesoftware.htmlunit.DefaultCssErrorHandler error
WARNING: CSS error: &apos;https://mediaee.engageexpress.com/ce/pulse/stylesheets/application.css&apos; [480:5] Error in declaration. &apos;*&apos; is not allowed as first char of a property.
Jul 08, 2019 12:54:14 PM com.gargoylesoftware.htmlunit.DefaultCssErrorHandler error
WARNING: CSS error: &apos;https://mediaee.engageexpress.com/ce/pulse/stylesheets/application.css&apos; [482:5] Error in declaration. &apos;*&apos; is not allowed as first char of a property.
Jul 08, 2019 12:54:14 PM com.gargoylesoftware.htmlunit.DefaultCssErrorHandler error
WARNING: CSS error: &apos;https://mediaee.engageexpress.com/ce/pulse/stylesheets/application.css&apos; [1008:5] Error in declaration. &apos;*&apos; is not allowed as first char of a property.
Jul 08, 2019 12:54:14 PM com.gargoylesoftware.htmlunit.DefaultCssErrorHandler error
WARNING: CSS error: &apos;https://mediaee.engageexpress.com/ce/pulse/stylesheets/application.css&apos; [1009:5] Error in declaration. &apos;*&apos; is not allowed as first char of a property.
Jul 08, 2019 12:54:14 PM com.gargoylesoftware.htmlunit.DefaultCssErrorHandler error
WARNING: CSS error: &apos;https://mediaee.engageexpress.com/ce/pulse/stylesheets/application.css&apos; [1164:5] Error in declaration. &apos;*&apos; is not allowed as first char of a property.
Jul 08, 2019 12:54:15 PM com.gargoylesoftware.htmlunit.DefaultCssErrorHandler error
WARNING: CSS error: &apos;https://mediaee.engageexpress.com/ce/pulse/stylesheets/materialize.css&apos; [1921:21] Error in expression. (Invalid token &quot; &quot;. Was expecting one of: &lt;NUMBER&gt;, &quot;inherit&quot;, &lt;IDENT&gt;, &lt;STRING&gt;, &lt;HASH&gt;, &lt;EMS&gt;, &lt;REM&gt;, &lt;EXS&gt;, &lt;LENGTH_PX&gt;, &lt;LENGTH_CM&gt;, &lt;LENGTH_MM&gt;, &lt;LENGTH_IN&gt;, &lt;LENGTH_PT&gt;, &lt;LENGTH_PC&gt;, &lt;ANGLE_DEG&gt;, &lt;ANGLE_RAD&gt;, &lt;ANGLE_GRAD&gt;, &lt;TIME_MS&gt;, &lt;TIME_S&gt;, &lt;FREQ_HZ&gt;, &lt;FREQ_KHZ&gt;, &lt;RESOLUTION_DPI&gt;, &lt;RESOLUTION_DPCM&gt;, &lt;PERCENTAGE&gt;, &lt;DIMENSION&gt;, &lt;UNICODE_RANGE&gt;, &lt;URI&gt;, &lt;FUNCTION&gt;, &quot;progid:&quot;.)
Jul 08, 2019 12:54:15 PM com.gargoylesoftware.htmlunit.DefaultCssErrorHandler error
WARNING: CSS error: &apos;https://mediaee.engageexpress.com/ce/pulse/stylesheets/materialize.css&apos; [1957:21] Error in expression. (Invalid token &quot; &quot;. Was expecting one of: &lt;NUMBER&gt;, &quot;inherit&quot;, &lt;IDENT&gt;, &lt;STRING&gt;, &lt;HASH&gt;, &lt;EMS&gt;, &lt;REM&gt;, &lt;EXS&gt;, &lt;LENGTH_PX&gt;, &lt;LENGTH_CM&gt;, &lt;LENGTH_MM&gt;, &lt;LENGTH_IN&gt;, &lt;LENGTH_PT&gt;, &lt;LENGTH_PC&gt;, &lt;ANGLE_DEG&gt;, &lt;ANGLE_RAD&gt;, &lt;ANGLE_GRAD&gt;, &lt;TIME_MS&gt;, &lt;TIME_S&gt;, &lt;FREQ_HZ&gt;, &lt;FREQ_KHZ&gt;, &lt;RESOLUTION_DPI&gt;, &lt;RESOLUTION_DPCM&gt;, &lt;PERCENTAGE&gt;, &lt;DIMENSION&gt;, &lt;UNICODE_RANGE&gt;, &lt;URI&gt;, &lt;FUNCTION&gt;, &quot;progid:&quot;.)
Jul 08, 2019 12:54:15 PM com.gargoylesoftware.htmlunit.DefaultCssErrorHandler error
WARNING: CSS error: &apos;https://mediaee.engageexpress.com/ce/pulse/stylesheets/materialize.css&apos; [1967:23] Error in expression. (Invalid token &quot; &quot;. Was expecting one of: &lt;NUMBER&gt;, &quot;inherit&quot;, &lt;IDENT&gt;, &lt;STRING&gt;, &lt;HASH&gt;, &lt;EMS&gt;, &lt;REM&gt;, &lt;EXS&gt;, &lt;LENGTH_PX&gt;, &lt;LENGTH_CM&gt;, &lt;LENGTH_MM&gt;, &lt;LENGTH_IN&gt;, &lt;LENGTH_PT&gt;, &lt;LENGTH_PC&gt;, &lt;ANGLE_DEG&gt;, &lt;ANGLE_RAD&gt;, &lt;ANGLE_GRAD&gt;, &lt;TIME_MS&gt;, &lt;TIME_S&gt;, &lt;FREQ_HZ&gt;, &lt;FREQ_KHZ&gt;, &lt;RESOLUTION_DPI&gt;, &lt;RESOLUTION_DPCM&gt;, &lt;PERCENTAGE&gt;, &lt;DIMENSION&gt;, &lt;UNICODE_RANGE&gt;, &lt;URI&gt;, &lt;FUNCTION&gt;, &quot;progid:&quot;.)
Jul 08, 2019 12:54:15 PM com.gargoylesoftware.htmlunit.DefaultCssErrorHandler error
WARNING: CSS error: &apos;https://mediaee.engageexpress.com/ce/pulse/stylesheets/materialize.css&apos; [1974:23] Error in expression. (Invalid token &quot; &quot;. Was expecting one of: &lt;NUMBER&gt;, &quot;inherit&quot;, &lt;IDENT&gt;, &lt;STRING&gt;, &lt;HASH&gt;, &lt;EMS&gt;, &lt;REM&gt;, &lt;EXS&gt;, &lt;LENGTH_PX&gt;, &lt;LENGTH_CM&gt;, &lt;LENGTH_MM&gt;, &lt;LENGTH_IN&gt;, &lt;LENGTH_PT&gt;, &lt;LENGTH_PC&gt;, &lt;ANGLE_DEG&gt;, &lt;ANGLE_RAD&gt;, &lt;ANGLE_GRAD&gt;, &lt;TIME_MS&gt;, &lt;TIME_S&gt;, &lt;FREQ_HZ&gt;, &lt;FREQ_KHZ&gt;, &lt;RESOLUTION_DPI&gt;, &lt;RESOLUTION_DPCM&gt;, &lt;PERCENTAGE&gt;, &lt;DIMENSION&gt;, &lt;UNICODE_RANGE&gt;, &lt;URI&gt;, &lt;FUNCTION&gt;, &quot;progid:&quot;.)
Jul 08, 2019 12:54:15 PM com.gargoylesoftware.htmlunit.DefaultCssErrorHandler error
WARNING: CSS error: &apos;https://mediaee.engageexpress.com/ce/pulse/stylesheets/materialize.css&apos; [1983:21] Error in expression. (Invalid token &quot; &quot;. Was expecting one of: &lt;NUMBER&gt;, &quot;inherit&quot;, &lt;IDENT&gt;, &lt;STRING&gt;, &lt;HASH&gt;, &lt;EMS&gt;, &lt;REM&gt;, &lt;EXS&gt;, &lt;LENGTH_PX&gt;, &lt;LENGTH_CM&gt;, &lt;LENGTH_MM&gt;, &lt;LENGTH_IN&gt;, &lt;LENGTH_PT&gt;, &lt;LENGTH_PC&gt;, &lt;ANGLE_DEG&gt;, &lt;ANGLE_RAD&gt;, &lt;ANGLE_GRAD&gt;, &lt;TIME_MS&gt;, &lt;TIME_S&gt;, &lt;FREQ_HZ&gt;, &lt;FREQ_KHZ&gt;, &lt;RESOLUTION_DPI&gt;, &lt;RESOLUTION_DPCM&gt;, &lt;PERCENTAGE&gt;, &lt;DIMENSION&gt;, &lt;UNICODE_RANGE&gt;, &lt;URI&gt;, &lt;FUNCTION&gt;, &quot;progid:&quot;.)
Jul 08, 2019 12:54:15 PM com.gargoylesoftware.htmlunit.DefaultCssErrorHandler error
WARNING: CSS error: &apos;https://mediaee.engageexpress.com/ce/pulse/stylesheets/materialize.css&apos; [2468:21] Error in expression. (Invalid token &quot; &quot;. Was expecting one of: &lt;NUMBER&gt;, &quot;inherit&quot;, &lt;IDENT&gt;, &lt;STRING&gt;, &lt;HASH&gt;, &lt;EMS&gt;, &lt;REM&gt;, &lt;EXS&gt;, &lt;LENGTH_PX&gt;, &lt;LENGTH_CM&gt;, &lt;LENGTH_MM&gt;, &lt;LENGTH_IN&gt;, &lt;LENGTH_PT&gt;, &lt;LENGTH_PC&gt;, &lt;ANGLE_DEG&gt;, &lt;ANGLE_RAD&gt;, &lt;ANGLE_GRAD&gt;, &lt;TIME_MS&gt;, &lt;TIME_S&gt;, &lt;FREQ_HZ&gt;, &lt;FREQ_KHZ&gt;, &lt;RESOLUTION_DPI&gt;, &lt;RESOLUTION_DPCM&gt;, &lt;PERCENTAGE&gt;, &lt;DIMENSION&gt;, &lt;UNICODE_RANGE&gt;, &lt;URI&gt;, &lt;FUNCTION&gt;, &quot;progid:&quot;.)
Jul 08, 2019 12:54:15 PM com.gargoylesoftware.htmlunit.DefaultCssErrorHandler error
WARNING: CSS error: &apos;https://mediaee.engageexpress.com/ce/pulse/stylesheets/materialize.css&apos; [4012:57] Error in simple selector. (Invalid token &quot; {&quot;. Was expecting one of: &lt;S&gt;, &lt;IDENT&gt;, &quot;.&quot;, &quot;:&quot;, &quot;*&quot;, &quot;[&quot;, &lt;HASH&gt;.)
Jul 08, 2019 12:54:15 PM com.gargoylesoftware.htmlunit.DefaultCssErrorHandler warning
WARNING: CSS warning: &apos;https://mediaee.engageexpress.com/ce/pulse/stylesheets/materialize.css&apos; [4012:57] Ignoring the whole rule.
</system-err>
  </testcase>
  <testcase classname="mangoMain.SanitySuite.TestRun" name="defaultGroups" time="2.66">
    <failure message="expected [true] but found [false]" type="java.lang.AssertionError">java.lang.AssertionError: expected [true] but found [false]
	at org.testng.Assert.fail(Assert.java:96)
	at org.testng.Assert.failNotEquals(Assert.java:776)
	at org.testng.Assert.assertEqualsImpl(Assert.java:137)
	at org.testng.Assert.assertEquals(Assert.java:118)
	at org.testng.Assert.assertEquals(Assert.java:568)
	at org.testng.Assert.assertEquals(Assert.java:578)
	at mangoMain.SanitySuite.TestRun.defaultGroups(TestRun.java:42)
</failure>
    <system-out>*** Running test method defaultGroups...
*** Test execution defaultGroups failed...
</system-out>
    <system-err>Jul 08, 2019 12:54:15 PM com.gargoylesoftware.htmlunit.html.HtmlLink onAllChildrenAddedToPage
WARNING: Link type &apos;shortcut icon&apos; not supported.
</system-err>
  </testcase>
  <testcase classname="mangoMain.SanitySuite.TestRun" name="allUsersAddedToEveryOneGroup" time="0.486">
    <failure message="expected [true] but found [false]" type="java.lang.AssertionError">java.lang.AssertionError: expected [true] but found [false]
	at org.testng.Assert.fail(Assert.java:96)
	at org.testng.Assert.failNotEquals(Assert.java:776)
	at org.testng.Assert.assertEqualsImpl(Assert.java:137)
	at org.testng.Assert.assertEquals(Assert.java:118)
	at org.testng.Assert.assertEquals(Assert.java:568)
	at org.testng.Assert.assertEquals(Assert.java:578)
	at mangoMain.SanitySuite.TestRun.allUsersAddedToEveryOneGroup(TestRun.java:46)
</failure>
    <system-out>*** Running test method allUsersAddedToEveryOneGroup...
Unable to locate a node using //*[@id=&quot;all_users&quot;]/div[1]/div/div[2]/ul/li/a/span/span
For documentation on this error, please visit: https://www.seleniumhq.org/exceptions/no_such_element.html
Build info: version: &apos;3.141.59&apos;, revision: &apos;e82be7d358&apos;, time: &apos;2018-11-14T08:17:03&apos;
System info: host: &apos;DESKTOP-L7E7E43&apos;, ip: &apos;192.168.105.142&apos;, os.name: &apos;Windows 10&apos;, os.arch: &apos;amd64&apos;, os.version: &apos;10.0&apos;, java.version: &apos;1.8.0_211&apos;
Driver info: driver.version: HtmlUnitDriver
*** Test execution allUsersAddedToEveryOneGroup failed...
</system-out>
    <system-err>Jul 08, 2019 12:54:18 PM com.gargoylesoftware.htmlunit.html.HtmlLink onAllChildrenAddedToPage
WARNING: Link type &apos;shortcut icon&apos; not supported.
</system-err>
  </testcase>
  <testcase classname="mangoMain.SanitySuite.TestRun" name="projectCreation" time="2.696">
    <failure message="expected [true] but found [false]" type="java.lang.AssertionError">java.lang.AssertionError: expected [true] but found [false]
	at org.testng.Assert.fail(Assert.java:96)
	at org.testng.Assert.failNotEquals(Assert.java:776)
	at org.testng.Assert.assertEqualsImpl(Assert.java:137)
	at org.testng.Assert.assertEquals(Assert.java:118)
	at org.testng.Assert.assertEquals(Assert.java:568)
	at org.testng.Assert.assertEquals(Assert.java:578)
	at mangoMain.SanitySuite.TestRun.projectCreation(TestRun.java:53)
</failure>
    <system-out>*** Running test method projectCreation...
No link found with text: Create Project
For documentation on this error, please visit: https://www.seleniumhq.org/exceptions/no_such_element.html
Build info: version: &apos;3.141.59&apos;, revision: &apos;e82be7d358&apos;, time: &apos;2018-11-14T08:17:03&apos;
System info: host: &apos;DESKTOP-L7E7E43&apos;, ip: &apos;192.168.105.142&apos;, os.name: &apos;Windows 10&apos;, os.arch: &apos;amd64&apos;, os.version: &apos;10.0&apos;, java.version: &apos;1.8.0_211&apos;
Driver info: driver.version: HtmlUnitDriver
*** Test execution projectCreation failed...
</system-out>
    <system-err>Jul 08, 2019 12:54:18 PM com.gargoylesoftware.htmlunit.html.HtmlLink onAllChildrenAddedToPage
WARNING: Link type &apos;shortcut icon&apos; not supported.
</system-err>
  </testcase>
  <testcase classname="mangoMain.SanitySuite.TestRun" name="documentConversion" time="0.494">
    <failure type="java.lang.NullPointerException">java.lang.NullPointerException
	at utilities.FunctionLibrary.documentConversionCheck(FunctionLibrary.java:1163)
	at mangoMain.SanitySuite.TestRun.documentConversion(TestRun.java:57)
</failure>
    <system-out>*** Running test method documentConversion...
Unable to locate a node using //span[contains(text(),&apos;sampleTest&apos;)]
For documentation on this error, please visit: https://www.seleniumhq.org/exceptions/no_such_element.html
Build info: version: &apos;3.141.59&apos;, revision: &apos;e82be7d358&apos;, time: &apos;2018-11-14T08:17:03&apos;
System info: host: &apos;DESKTOP-L7E7E43&apos;, ip: &apos;192.168.105.142&apos;, os.name: &apos;Windows 10&apos;, os.arch: &apos;amd64&apos;, os.version: &apos;10.0&apos;, java.version: &apos;1.8.0_211&apos;
Driver info: driver.version: HtmlUnitDriver
Unable to locate element with ID: &apos;close&apos;
For documentation on this error, please visit: https://www.seleniumhq.org/exceptions/no_such_element.html
Build info: version: &apos;3.141.59&apos;, revision: &apos;e82be7d358&apos;, time: &apos;2018-11-14T08:17:03&apos;
System info: host: &apos;DESKTOP-L7E7E43&apos;, ip: &apos;192.168.105.142&apos;, os.name: &apos;Windows 10&apos;, os.arch: &apos;amd64&apos;, os.version: &apos;10.0&apos;, java.version: &apos;1.8.0_211&apos;
Driver info: driver.version: HtmlUnitDriver
*** Test execution documentConversion failed...
</system-out>
    <system-err>Jul 08, 2019 12:54:21 PM com.gargoylesoftware.htmlunit.html.HtmlLink onAllChildrenAddedToPage
WARNING: Link type &apos;shortcut icon&apos; not supported.
</system-err>
  </testcase>
  <testcase classname="mangoMain.SanitySuite.TestRun" name="changeDP" time="0.02">
    <failure message="expected [true] but found [false]" type="java.lang.AssertionError">java.lang.AssertionError: expected [true] but found [false]
	at org.testng.Assert.fail(Assert.java:96)
	at org.testng.Assert.failNotEquals(Assert.java:776)
	at org.testng.Assert.assertEqualsImpl(Assert.java:137)
	at org.testng.Assert.assertEquals(Assert.java:118)
	at org.testng.Assert.assertEquals(Assert.java:568)
	at org.testng.Assert.assertEquals(Assert.java:578)
	at mangoMain.SanitySuite.TestRun.changeDP(TestRun.java:71)
</failure>
    <system-out>*** Running test method changeDP...
Returned node (null) was not a DOM element
For documentation on this error, please visit: https://www.seleniumhq.org/exceptions/no_such_element.html
Build info: version: &apos;3.141.59&apos;, revision: &apos;e82be7d358&apos;, time: &apos;2018-11-14T08:17:03&apos;
System info: host: &apos;DESKTOP-L7E7E43&apos;, ip: &apos;192.168.105.142&apos;, os.name: &apos;Windows 10&apos;, os.arch: &apos;amd64&apos;, os.version: &apos;10.0&apos;, java.version: &apos;1.8.0_211&apos;
Driver info: driver.version: HtmlUnitDriver
Unable to locate element with ID: &apos;ms-user-photo-elem&apos;
For documentation on this error, please visit: https://www.seleniumhq.org/exceptions/no_such_element.html
Build info: version: &apos;3.141.59&apos;, revision: &apos;e82be7d358&apos;, time: &apos;2018-11-14T08:17:03&apos;
System info: host: &apos;DESKTOP-L7E7E43&apos;, ip: &apos;192.168.105.142&apos;, os.name: &apos;Windows 10&apos;, os.arch: &apos;amd64&apos;, os.version: &apos;10.0&apos;, java.version: &apos;1.8.0_211&apos;
Driver info: driver.version: HtmlUnitDriver
*** Test execution changeDP failed...
</system-out>
  </testcase>
  <testcase classname="mangoMain.SanitySuite.TestRun" name="fileUploadNewVersion" time="0.003">
    <failure message="expected [true] but found [false]" type="java.lang.AssertionError">java.lang.AssertionError: expected [true] but found [false]
	at org.testng.Assert.fail(Assert.java:96)
	at org.testng.Assert.failNotEquals(Assert.java:776)
	at org.testng.Assert.assertEqualsImpl(Assert.java:137)
	at org.testng.Assert.assertEquals(Assert.java:118)
	at org.testng.Assert.assertEquals(Assert.java:568)
	at org.testng.Assert.assertEquals(Assert.java:578)
	at mangoMain.SanitySuite.TestRun.fileUploadNewVersion(TestRun.java:61)
</failure>
    <system-out>*** Running test method fileUploadNewVersion...
Unable to locate a node using //li[@id=&quot;file_tools&quot;]/a/span
For documentation on this error, please visit: https://www.seleniumhq.org/exceptions/no_such_element.html
Build info: version: &apos;3.141.59&apos;, revision: &apos;e82be7d358&apos;, time: &apos;2018-11-14T08:17:03&apos;
System info: host: &apos;DESKTOP-L7E7E43&apos;, ip: &apos;192.168.105.142&apos;, os.name: &apos;Windows 10&apos;, os.arch: &apos;amd64&apos;, os.version: &apos;10.0&apos;, java.version: &apos;1.8.0_211&apos;
Driver info: driver.version: HtmlUnitDriver
*** Test execution fileUploadNewVersion failed...
</system-out>
  </testcase>
  <testcase classname="mangoMain.SanitySuite.TestRun" name="deActivateRecognition" time="0.699">
    <failure message="expected [true] but found [false]" type="java.lang.AssertionError">java.lang.AssertionError: expected [true] but found [false]
	at org.testng.Assert.fail(Assert.java:96)
	at org.testng.Assert.failNotEquals(Assert.java:776)
	at org.testng.Assert.assertEqualsImpl(Assert.java:137)
	at org.testng.Assert.assertEquals(Assert.java:118)
	at org.testng.Assert.assertEquals(Assert.java:568)
	at org.testng.Assert.assertEquals(Assert.java:578)
	at mangoMain.SanitySuite.TestRun.deActivateRecognition(TestRun.java:79)
</failure>
    <system-out>*** Running test method deActivateRecognition...
*** Test execution deActivateRecognition failed...
</system-out>
    <system-err>Jul 08, 2019 12:54:22 PM com.gargoylesoftware.htmlunit.html.HtmlLink onAllChildrenAddedToPage
WARNING: Link type &apos;shortcut icon&apos; not supported.
</system-err>
  </testcase>
  <testcase classname="mangoMain.SanitySuite.TestRun" name="defaultLandingPageSetting" time="3.473">
    <failure message="expected [true] but found [false]" type="java.lang.AssertionError">java.lang.AssertionError: expected [true] but found [false]
	at org.testng.Assert.fail(Assert.java:96)
	at org.testng.Assert.failNotEquals(Assert.java:776)
	at org.testng.Assert.assertEqualsImpl(Assert.java:137)
	at org.testng.Assert.assertEquals(Assert.java:118)
	at org.testng.Assert.assertEquals(Assert.java:568)
	at org.testng.Assert.assertEquals(Assert.java:578)
	at mangoMain.SanitySuite.TestRun.defaultLandingPageSetting(TestRun.java:75)
</failure>
    <system-out>*** Running test method defaultLandingPageSetting...
Unable to locate element with ID: &apos;landing_page&apos;
For documentation on this error, please visit: https://www.seleniumhq.org/exceptions/no_such_element.html
Build info: version: &apos;3.141.59&apos;, revision: &apos;e82be7d358&apos;, time: &apos;2018-11-14T08:17:03&apos;
System info: host: &apos;DESKTOP-L7E7E43&apos;, ip: &apos;192.168.105.142&apos;, os.name: &apos;Windows 10&apos;, os.arch: &apos;amd64&apos;, os.version: &apos;10.0&apos;, java.version: &apos;1.8.0_211&apos;
Driver info: driver.version: HtmlUnitDriver
Unable to locate element with ID: &apos;yui-gen0&apos;
For documentation on this error, please visit: https://www.seleniumhq.org/exceptions/no_such_element.html
Build info: version: &apos;3.141.59&apos;, revision: &apos;e82be7d358&apos;, time: &apos;2018-11-14T08:17:03&apos;
System info: host: &apos;DESKTOP-L7E7E43&apos;, ip: &apos;192.168.105.142&apos;, os.name: &apos;Windows 10&apos;, os.arch: &apos;amd64&apos;, os.version: &apos;10.0&apos;, java.version: &apos;1.8.0_211&apos;
Driver info: driver.version: HtmlUnitDriver
*** Test execution defaultLandingPageSetting failed...
</system-out>
    <system-err>Jul 08, 2019 12:54:23 PM com.gargoylesoftware.htmlunit.html.HtmlLink onAllChildrenAddedToPage
WARNING: Link type &apos;shortcut icon&apos; not supported.
Jul 08, 2019 12:54:24 PM com.gargoylesoftware.htmlunit.html.HtmlLink onAllChildrenAddedToPage
WARNING: Link type &apos;shortcut icon&apos; not supported.
Jul 08, 2019 12:54:24 PM com.gargoylesoftware.htmlunit.DefaultCssErrorHandler error
[...]
Jul 08, 2019 12:54:41 PM com.gargoylesoftware.htmlunit.DefaultCssErrorHandler error
WARNING: CSS error: &apos;https://mediaee.engageexpress.com/ce/pulse/stylesheets/application.css&apos; [1008:5] Error in declaration. &apos;*&apos; is not allowed as first char of a property.
Jul 08, 2019 12:54:41 PM com.gargoylesoftware.htmlunit.DefaultCssErrorHandler error
WARNING: CSS error: &apos;https://mediaee.engageexpress.com/ce/pulse/stylesheets/application.css&apos; [1009:5] Error in declaration. &apos;*&apos; is not allowed as first char of a property.
Jul 08, 2019 12:54:41 PM com.gargoylesoftware.htmlunit.DefaultCssErrorHandler error
WARNING: CSS error: &apos;https://mediaee.engageexpress.com/ce/pulse/stylesheets/application.css&apos; [1164:5] Error in declaration. &apos;*&apos; is not allowed as first char of a property.
Jul 08, 2019 12:54:41 PM com.gargoylesoftware.htmlunit.DefaultCssErrorHandler error
WARNING: CSS error: &apos;https://mediaee.engageexpress.com/ce/pulse/stylesheets/materialize.css&apos; [1921:21] Error in expression. (Invalid token &quot; &quot;. Was expecting one of: &lt;NUMBER&gt;, &quot;inherit&quot;, &lt;IDENT&gt;, &lt;STRING&gt;, &lt;HASH&gt;, &lt;EMS&gt;, &lt;REM&gt;, &lt;EXS&gt;, &lt;LENGTH_PX&gt;, &lt;LENGTH_CM&gt;, &lt;LENGTH_MM&gt;, &lt;LENGTH_IN&gt;, &lt;LENGTH_PT&gt;, &lt;LENGTH_PC&gt;, &lt;ANGLE_DEG&gt;, &lt;ANGLE_RAD&gt;, &lt;ANGLE_GRAD&gt;, &lt;TIME_MS&gt;, &lt;TIME_S&gt;, &lt;FREQ_HZ&gt;, &lt;FREQ_KHZ&gt;, &lt;RESOLUTION_DPI&gt;, &lt;RESOLUTION_DPCM&gt;, &lt;PERCENTAGE&gt;, &lt;DIMENSION&gt;, &lt;UNICODE_RANGE&gt;, &lt;URI&gt;, &lt;FUNCTION&gt;, &quot;progid:&quot;.)
Jul 08, 2019 12:54:41 PM com.gargoylesoftware.htmlunit.DefaultCssErrorHandler error
WARNING: CSS error: &apos;https://mediaee.engageexpress.com/ce/pulse/stylesheets/materialize.css&apos; [1957:21] Error in expression. (Invalid token &quot; &quot;. Was expecting one of: &lt;NUMBER&gt;, &quot;inherit&quot;, &lt;IDENT&gt;, &lt;STRING&gt;, &lt;HASH&gt;, &lt;EMS&gt;, &lt;REM&gt;, &lt;EXS&gt;, &lt;LENGTH_PX&gt;, &lt;LENGTH_CM&gt;, &lt;LENGTH_MM&gt;, &lt;LENGTH_IN&gt;, &lt;LENGTH_PT&gt;, &lt;LENGTH_PC&gt;, &lt;ANGLE_DEG&gt;, &lt;ANGLE_RAD&gt;, &lt;ANGLE_GRAD&gt;, &lt;TIME_MS&gt;, &lt;TIME_S&gt;, &lt;FREQ_HZ&gt;, &lt;FREQ_KHZ&gt;, &lt;RESOLUTION_DPI&gt;, &lt;RESOLUTION_DPCM&gt;, &lt;PERCENTAGE&gt;, &lt;DIMENSION&gt;, &lt;UNICODE_RANGE&gt;, &lt;URI&gt;, &lt;FUNCTION&gt;, &quot;progid:&quot;.)
Jul 08, 2019 12:54:41 PM com.gargoylesoftware.htmlunit.DefaultCssErrorHandler error
WARNING: CSS error: &apos;https://mediaee.engageexpress.com/ce/pulse/stylesheets/materialize.css&apos; [1967:23] Error in expression. (Invalid token &quot; &quot;. Was expecting one of: &lt;NUMBER&gt;, &quot;inherit&quot;, &lt;IDENT&gt;, &lt;STRING&gt;, &lt;HASH&gt;, &lt;EMS&gt;, &lt;REM&gt;, &lt;EXS&gt;, &lt;LENGTH_PX&gt;, &lt;LENGTH_CM&gt;, &lt;LENGTH_MM&gt;, &lt;LENGTH_IN&gt;, &lt;LENGTH_PT&gt;, &lt;LENGTH_PC&gt;, &lt;ANGLE_DEG&gt;, &lt;ANGLE_RAD&gt;, &lt;ANGLE_GRAD&gt;, &lt;TIME_MS&gt;, &lt;TIME_S&gt;, &lt;FREQ_HZ&gt;, &lt;FREQ_KHZ&gt;, &lt;RESOLUTION_DPI&gt;, &lt;RESOLUTION_DPCM&gt;, &lt;PERCENTAGE&gt;, &lt;DIMENSION&gt;, &lt;UNICODE_RANGE&gt;, &lt;URI&gt;, &lt;FUNCTION&gt;, &quot;progid:&quot;.)
Jul 08, 2019 12:54:41 PM com.gargoylesoftware.htmlunit.DefaultCssErrorHandler error
WARNING: CSS error: &apos;https://mediaee.engageexpress.com/ce/pulse/stylesheets/materialize.css&apos; [1974:23] Error in expression. (Invalid token &quot; &quot;. Was expecting one of: &lt;NUMBER&gt;, &quot;inherit&quot;, &lt;IDENT&gt;, &lt;STRING&gt;, &lt;HASH&gt;, &lt;EMS&gt;, &lt;REM&gt;, &lt;EXS&gt;, &lt;LENGTH_PX&gt;, &lt;LENGTH_CM&gt;, &lt;LENGTH_MM&gt;, &lt;LENGTH_IN&gt;, &lt;LENGTH_PT&gt;, &lt;LENGTH_PC&gt;, &lt;ANGLE_DEG&gt;, &lt;ANGLE_RAD&gt;, &lt;ANGLE_GRAD&gt;, &lt;TIME_MS&gt;, &lt;TIME_S&gt;, &lt;FREQ_HZ&gt;, &lt;FREQ_KHZ&gt;, &lt;RESOLUTION_DPI&gt;, &lt;RESOLUTION_DPCM&gt;, &lt;PERCENTAGE&gt;, &lt;DIMENSION&gt;, &lt;UNICODE_RANGE&gt;, &lt;URI&gt;, &lt;FUNCTION&gt;, &quot;progid:&quot;.)
Jul 08, 2019 12:54:41 PM com.gargoylesoftware.htmlunit.DefaultCssErrorHandler error
WARNING: CSS error: &apos;https://mediaee.engageexpress.com/ce/pulse/stylesheets/materialize.css&apos; [1983:21] Error in expression. (Invalid token &quot; &quot;. Was expecting one of: &lt;NUMBER&gt;, &quot;inherit&quot;, &lt;IDENT&gt;, &lt;STRING&gt;, &lt;HASH&gt;, &lt;EMS&gt;, &lt;REM&gt;, &lt;EXS&gt;, &lt;LENGTH_PX&gt;, &lt;LENGTH_CM&gt;, &lt;LENGTH_MM&gt;, &lt;LENGTH_IN&gt;, &lt;LENGTH_PT&gt;, &lt;LENGTH_PC&gt;, &lt;ANGLE_DEG&gt;, &lt;ANGLE_RAD&gt;, &lt;ANGLE_GRAD&gt;, &lt;TIME_MS&gt;, &lt;TIME_S&gt;, &lt;FREQ_HZ&gt;, &lt;FREQ_KHZ&gt;, &lt;RESOLUTION_DPI&gt;, &lt;RESOLUTION_DPCM&gt;, &lt;PERCENTAGE&gt;, &lt;DIMENSION&gt;, &lt;UNICODE_RANGE&gt;, &lt;URI&gt;, &lt;FUNCTION&gt;, &quot;progid:&quot;.)
Jul 08, 2019 12:54:41 PM com.gargoylesoftware.htmlunit.DefaultCssErrorHandler error
WARNING: CSS error: &apos;https://mediaee.engageexpress.com/ce/pulse/stylesheets/materialize.css&apos; [2468:21] Error in expression. (Invalid token &quot; &quot;. Was expecting one of: &lt;NUMBER&gt;, &quot;inherit&quot;, &lt;IDENT&gt;, &lt;STRING&gt;, &lt;HASH&gt;, &lt;EMS&gt;, &lt;REM&gt;, &lt;EXS&gt;, &lt;LENGTH_PX&gt;, &lt;LENGTH_CM&gt;, &lt;LENGTH_MM&gt;, &lt;LENGTH_IN&gt;, &lt;LENGTH_PT&gt;, &lt;LENGTH_PC&gt;, &lt;ANGLE_DEG&gt;, &lt;ANGLE_RAD&gt;, &lt;ANGLE_GRAD&gt;, &lt;TIME_MS&gt;, &lt;TIME_S&gt;, &lt;FREQ_HZ&gt;, &lt;FREQ_KHZ&gt;, &lt;RESOLUTION_DPI&gt;, &lt;RESOLUTION_DPCM&gt;, &lt;PERCENTAGE&gt;, &lt;DIMENSION&gt;, &lt;UNICODE_RANGE&gt;, &lt;URI&gt;, &lt;FUNCTION&gt;, &quot;progid:&quot;.)
Jul 08, 2019 12:54:41 PM com.gargoylesoftware.htmlunit.DefaultCssErrorHandler error
WARNING: CSS error: &apos;https://mediaee.engageexpress.com/ce/pulse/stylesheets/materialize.css&apos; [4012:57] Error in simple selector. (Invalid token &quot; {&quot;. Was expecting one of: &lt;S&gt;, &lt;IDENT&gt;, &quot;.&quot;, &quot;:&quot;, &quot;*&quot;, &quot;[&quot;, &lt;HASH&gt;.)
Jul 08, 2019 12:54:41 PM com.gargoylesoftware.htmlunit.DefaultCssErrorHandler warning
WARNING: CSS warning: &apos;https://mediaee.engageexpress.com/ce/pulse/stylesheets/materialize.css&apos; [4012:57] Ignoring the whole rule.
</system-err>
  </testcase>
  <testcase classname="mangoMain.SanitySuite.TestRun" name="createStaticPage" time="0.462">
    <failure message="expected [true] but found [false]" type="java.lang.AssertionError">java.lang.AssertionError: expected [true] but found [false]
	at org.testng.Assert.fail(Assert.java:96)
	at org.testng.Assert.failNotEquals(Assert.java:776)
	at org.testng.Assert.assertEqualsImpl(Assert.java:137)
	at org.testng.Assert.assertEquals(Assert.java:118)
	at org.testng.Assert.assertEquals(Assert.java:568)
	at org.testng.Assert.assertEquals(Assert.java:578)
	at mangoMain.SanitySuite.TestRun.createStaticPage(TestRun.java:124)
</failure>
    <system-out>*** Running test method createStaticPage...
*** Test execution createStaticPage failed...
</system-out>
    <system-err>Jul 08, 2019 12:54:41 PM com.gargoylesoftware.htmlunit.html.HtmlLink onAllChildrenAddedToPage
WARNING: Link type &apos;shortcut icon&apos; not supported.
</system-err>
  </testcase>
  <testcase classname="mangoMain.SanitySuite.TestRun" name="createDynamicPage" time="0.475">
    <failure message="expected [true] but found [false]" type="java.lang.AssertionError">java.lang.AssertionError: expected [true] but found [false]
	at org.testng.Assert.fail(Assert.java:96)
	at org.testng.Assert.failNotEquals(Assert.java:776)
	at org.testng.Assert.assertEqualsImpl(Assert.java:137)
	at org.testng.Assert.assertEquals(Assert.java:118)
	at org.testng.Assert.assertEquals(Assert.java:568)
	at org.testng.Assert.assertEquals(Assert.java:578)
	at mangoMain.SanitySuite.TestRun.createDynamicPage(TestRun.java:129)
</failure>
    <system-out>*** Running test method createDynamicPage...
*** Test execution createDynamicPage failed...
</system-out>
    <system-err>Jul 08, 2019 12:54:42 PM com.gargoylesoftware.htmlunit.html.HtmlLink onAllChildrenAddedToPage
WARNING: Link type &apos;shortcut icon&apos; not supported.
</system-err>
  </testcase>
  <testcase classname="mangoMain.SanitySuite.TestRun" name="createRecurrenceTask" time="0.478">
    <failure type="java.lang.NullPointerException">java.lang.NullPointerException
	at utilities.FunctionLibrary.createReccurenceTaskCheck(FunctionLibrary.java:943)
	at mangoMain.SanitySuite.TestRun.createRecurrenceTask(TestRun.java:134)
</failure>
    <system-out>*** Running test method createRecurrenceTask...
Unable to locate a node using //*[@id=&quot;ms_global_dialog&quot;]/span
For documentation on this error, please visit: https://www.seleniumhq.org/exceptions/no_such_element.html
Build info: version: &apos;3.141.59&apos;, revision: &apos;e82be7d358&apos;, time: &apos;2018-11-14T08:17:03&apos;
System info: host: &apos;DESKTOP-L7E7E43&apos;, ip: &apos;192.168.105.142&apos;, os.name: &apos;Windows 10&apos;, os.arch: &apos;amd64&apos;, os.version: &apos;10.0&apos;, java.version: &apos;1.8.0_211&apos;
Driver info: driver.version: HtmlUnitDriver
*** Test execution createRecurrenceTask failed...
</system-out>
    <system-err>Jul 08, 2019 12:54:42 PM com.gargoylesoftware.htmlunit.html.HtmlLink onAllChildrenAddedToPage
WARNING: Link type &apos;shortcut icon&apos; not supported.
</system-err>
  </testcase>
  <testcase classname="mangoMain.SanitySuite.TestRun" name="videoUploadNConversion" time="0.618">
    <failure message="expected [true] but found [false]" type="java.lang.AssertionError">java.lang.AssertionError: expected [true] but found [false]
	at org.testng.Assert.fail(Assert.java:96)
	at org.testng.Assert.failNotEquals(Assert.java:776)
	at org.testng.Assert.assertEqualsImpl(Assert.java:137)
	at org.testng.Assert.assertEquals(Assert.java:118)
	at org.testng.Assert.assertEquals(Assert.java:568)
	at org.testng.Assert.assertEquals(Assert.java:578)
	at mangoMain.SanitySuite.TestRun.videoUploadNConversion(TestRun.java:139)
</failure>
    <system-out>*** Running test method videoUploadNConversion...
Unable to locate a node using //span[contains(text(),&apos;SampleVideo&apos;)]
For documentation on this error, please visit: https://www.seleniumhq.org/exceptions/no_such_element.html
Build info: version: &apos;3.141.59&apos;, revision: &apos;e82be7d358&apos;, time: &apos;2018-11-14T08:17:03&apos;
System info: host: &apos;DESKTOP-L7E7E43&apos;, ip: &apos;192.168.105.142&apos;, os.name: &apos;Windows 10&apos;, os.arch: &apos;amd64&apos;, os.version: &apos;10.0&apos;, java.version: &apos;1.8.0_211&apos;
Driver info: driver.version: HtmlUnitDriver
*** Test execution videoUploadNConversion failed...
</system-out>
    <system-err>Jul 08, 2019 12:54:43 PM com.gargoylesoftware.htmlunit.html.HtmlLink onAllChildrenAddedToPage
WARNING: Link type &apos;shortcut icon&apos; not supported.
</system-err>
  </testcase>
  <testcase classname="mangoMain.SanitySuite.TestRun" name="incomingEmailwithTeamID" time="0.42">
    <failure message="expected [true] but found [false]" type="java.lang.AssertionError">java.lang.AssertionError: expected [true] but found [false]
	at org.testng.Assert.fail(Assert.java:96)
	at org.testng.Assert.failNotEquals(Assert.java:776)
	at org.testng.Assert.assertEqualsImpl(Assert.java:137)
	at org.testng.Assert.assertEquals(Assert.java:118)
	at org.testng.Assert.assertEquals(Assert.java:568)
	at org.testng.Assert.assertEquals(Assert.java:578)
	at mangoMain.SanitySuite.TestRun.incomingEmailwithTeamID(TestRun.java:145)
</failure>
    <system-out>*** Running test method incomingEmailwithTeamID...
javax.mail.internet.AddressException: Illegal address in string ``&apos;&apos;
*** Test execution incomingEmailwithTeamID failed...
</system-out>
    <system-err>Jul 08, 2019 12:54:43 PM com.gargoylesoftware.htmlunit.html.HtmlLink onAllChildrenAddedToPage
WARNING: Link type &apos;shortcut icon&apos; not supported.
</system-err>
  </testcase>
  <testcase classname="mangoMain.SanitySuite.TestRun" name="OutgoingEmailViaShare" time="10.815"/>
  <testcase classname="mangoMain.SanitySuite.TestRun" name="incomingEmailReplyViaShare" time="0.005">
    <failure message="expected [true] but found [false]" type="java.lang.AssertionError">java.lang.AssertionError: expected [true] but found [false]
	at org.testng.Assert.fail(Assert.java:96)
	at org.testng.Assert.failNotEquals(Assert.java:776)
	at org.testng.Assert.assertEqualsImpl(Assert.java:137)
	at org.testng.Assert.assertEquals(Assert.java:118)
	at org.testng.Assert.assertEquals(Assert.java:568)
	at org.testng.Assert.assertEquals(Assert.java:578)
	at mangoMain.SanitySuite.TestRun.incomingEmailReplyViaShare(TestRun.java:149)
</failure>
    <system-out>*** Running test method incomingEmailReplyViaShare...
Returned node (null) was not a DOM element
For documentation on this error, please visit: https://www.seleniumhq.org/exceptions/no_such_element.html
Build info: version: &apos;3.141.59&apos;, revision: &apos;e82be7d358&apos;, time: &apos;2018-11-14T08:17:03&apos;
System info: host: &apos;DESKTOP-L7E7E43&apos;, ip: &apos;192.168.105.142&apos;, os.name: &apos;Windows 10&apos;, os.arch: &apos;amd64&apos;, os.version: &apos;10.0&apos;, java.version: &apos;1.8.0_211&apos;
Driver info: driver.version: HtmlUnitDriver
*** Test execution incomingEmailReplyViaShare failed...
</system-out>
  </testcase>
  <testcase classname="mangoMain.SanitySuite.TestRun" name="incomingEmailAsPrivateMessage" time="4.13">
    <failure message="expected [true] but found [false]" type="java.lang.AssertionError">java.lang.AssertionError: expected [true] but found [false]
	at org.testng.Assert.fail(Assert.java:96)
	at org.testng.Assert.failNotEquals(Assert.java:776)
	at org.testng.Assert.assertEqualsImpl(Assert.java:137)
	at org.testng.Assert.assertEquals(Assert.java:118)
	at org.testng.Assert.assertEquals(Assert.java:568)
	at org.testng.Assert.assertEquals(Assert.java:578)
	at mangoMain.SanitySuite.TestRun.incomingEmailAsPrivateMessage(TestRun.java:159)
</failure>
    <system-out>*** Running test method incomingEmailAsPrivateMessage...
message sent successfully
*** Test execution incomingEmailAsPrivateMessage failed...
</system-out>
  </testcase>
  <testcase classname="mangoMain.SanitySuite.TestRun" name="ViewCounter" time="0.003">
    <failure message="expected [true] but found [false]" type="java.lang.AssertionError">java.lang.AssertionError: expected [true] but found [false]
	at org.testng.Assert.fail(Assert.java:96)
	at org.testng.Assert.failNotEquals(Assert.java:776)
	at org.testng.Assert.assertEqualsImpl(Assert.java:137)
	at org.testng.Assert.assertEquals(Assert.java:118)
	at org.testng.Assert.assertEquals(Assert.java:568)
	at org.testng.Assert.assertEquals(Assert.java:578)
	at mangoMain.SanitySuite.TestRun.ViewCounter(TestRun.java:163)
</failure>
    <system-out>*** Running test method ViewCounter...
*** Test execution ViewCounter failed...
</system-out>
  </testcase>
  <testcase classname="mangoMain.SanitySuite.TestRun" name="fileDeepSearch" time="0.796">
    <failure message="expected [true] but found [false]" type="java.lang.AssertionError">java.lang.AssertionError: expected [true] but found [false]
	at org.testng.Assert.fail(Assert.java:96)
	at org.testng.Assert.failNotEquals(Assert.java:776)
	at org.testng.Assert.assertEqualsImpl(Assert.java:137)
	at org.testng.Assert.assertEquals(Assert.java:118)
	at org.testng.Assert.assertEquals(Assert.java:568)
	at org.testng.Assert.assertEquals(Assert.java:578)
	at mangoMain.SanitySuite.TestRun.fileDeepSearch(TestRun.java:172)
</failure>
    <system-out>*** Running test method fileDeepSearch...
Unable to locate element with ID: &apos;global_search_box&apos;
For documentation on this error, please visit: https://www.seleniumhq.org/exceptions/no_such_element.html
Build info: version: &apos;3.141.59&apos;, revision: &apos;e82be7d358&apos;, time: &apos;2018-11-14T08:17:03&apos;
System info: host: &apos;DESKTOP-L7E7E43&apos;, ip: &apos;192.168.105.142&apos;, os.name: &apos;Windows 10&apos;, os.arch: &apos;amd64&apos;, os.version: &apos;10.0&apos;, java.version: &apos;1.8.0_211&apos;
Driver info: driver.version: HtmlUnitDriver
*** Test execution fileDeepSearch failed...
</system-out>
    <system-err>Jul 08, 2019 12:54:59 PM com.gargoylesoftware.htmlunit.html.HtmlLink onAllChildrenAddedToPage
WARNING: Link type &apos;shortcut icon&apos; not supported.
</system-err>
  </testcase>
  <testcase classname="mangoMain.SanitySuite.TestRun" name="verifyUsersInEveryone" time="0.717">
    <failure message="expected [true] but found [false]" type="java.lang.AssertionError">java.lang.AssertionError: expected [true] but found [false]
	at org.testng.Assert.fail(Assert.java:96)
	at org.testng.Assert.failNotEquals(Assert.java:776)
	at org.testng.Assert.assertEqualsImpl(Assert.java:137)
	at org.testng.Assert.assertEquals(Assert.java:118)
	at org.testng.Assert.assertEquals(Assert.java:568)
	at org.testng.Assert.assertEquals(Assert.java:578)
	at mangoMain.SanitySuite.TestRun.verifyUsersInEveryone(TestRun.java:167)
</failure>
    <system-out>*** Running test method verifyUsersInEveryone...
No link found with text: Everyone
For documentation on this error, please visit: https://www.seleniumhq.org/exceptions/no_such_element.html
Build info: version: &apos;3.141.59&apos;, revision: &apos;e82be7d358&apos;, time: &apos;2018-11-14T08:17:03&apos;
System info: host: &apos;DESKTOP-L7E7E43&apos;, ip: &apos;192.168.105.142&apos;, os.name: &apos;Windows 10&apos;, os.arch: &apos;amd64&apos;, os.version: &apos;10.0&apos;, java.version: &apos;1.8.0_211&apos;
Driver info: driver.version: HtmlUnitDriver
*** Test execution verifyUsersInEveryone failed...
</system-out>
    <system-err>Jul 08, 2019 12:55:00 PM com.gargoylesoftware.htmlunit.html.HtmlLink onAllChildrenAddedToPage
WARNING: Link type &apos;shortcut icon&apos; not supported.
</system-err>
  </testcase>
  <testcase classname="mangoMain.SanitySuite.TestRun" name="makeAFolderPublic" time="0.462">
    <failure message="expected [true] but found [false]" type="java.lang.AssertionError">java.lang.AssertionError: expected [true] but found [false]
	at org.testng.Assert.fail(Assert.java:96)
	at org.testng.Assert.failNotEquals(Assert.java:776)
	at org.testng.Assert.assertEqualsImpl(Assert.java:137)
	at org.testng.Assert.assertEquals(Assert.java:118)
	at org.testng.Assert.assertEquals(Assert.java:568)
	at org.testng.Assert.assertEquals(Assert.java:578)
	at mangoMain.SanitySuite.TestRun.makeAFolderPublic(TestRun.java:177)
</failure>
    <system-out>*** Running test method makeAFolderPublic...
*** Test execution makeAFolderPublic failed...
</system-out>
    <system-err>Jul 08, 2019 12:55:00 PM com.gargoylesoftware.htmlunit.html.HtmlLink onAllChildrenAddedToPage
WARNING: Link type &apos;shortcut icon&apos; not supported.
</system-err>
  </testcase>
  <testcase classname="mangoMain.SanitySuite.TestRun" name="wikiTableOfContents" time="0.001">
    <failure message="expected [true] but found [false]" type="java.lang.AssertionError">java.lang.AssertionError: expected [true] but found [false]
	at org.testng.Assert.fail(Assert.java:96)
	at org.testng.Assert.failNotEquals(Assert.java:776)
	at org.testng.Assert.assertEqualsImpl(Assert.java:137)
	at org.testng.Assert.assertEquals(Assert.java:118)
	at org.testng.Assert.assertEquals(Assert.java:568)
	at org.testng.Assert.assertEquals(Assert.java:578)
	at mangoMain.SanitySuite.TestRun.wikiTableOfContents(TestRun.java:182)
</failure>
    <system-out>*** Running test method wikiTableOfContents...
*** Test execution wikiTableOfContents failed...
</system-out>
  </testcase>
  <testcase classname="mangoMain.SanitySuite.TestRun" name="navigationModuleOrderChange" time="0.476"/>
</testsuite>